sample 0/1, prog: 0.0
timer read_partition_file 0.20
timer read_partition_file 0.20
sample 0/1, prog: 0.0021498213528734936
sample 0/1, prog: 0.002182188745753085
sample 0/1, prog: 0.0022500558598554537
sample 0/1, prog: 0.007567705277137971
sample 0/1, prog: 0.007626175406210781
sample 0/1, prog: 0.0076428811573744405
sample 0/1, prog: 0.007644969376269898
sample 0/1, prog: 0.0076637633463290155
sample 0/1, prog: 0.007668983893567659
sample 0/1, prog: 0.0076752485502540315
sample 0/1, prog: 0.007738939226565485
sample 0/1, prog: 0.007986393165677199
sample 0/1, prog: 0.00806052493646594
sample 0/1, prog: 0.008064701374256855
sample 0/1, prog: 0.008168068209582002
sample 0/1, prog: 0.008212964915834337
sample 0/1, prog: 0.00821922957252071
sample 0/1, prog: 0.008225494229207082
sample 0/1, prog: 0.0082442881992662
sample 0/1, prog: 0.008315287641711754
sample 0/1, prog: 0.01006417096665741
sample 0/1, prog: 0.012827928674795406
sample 0/1, prog: 0.012852987301540896
sample 0/1, prog: 0.013213205061007314
sample 0/1, prog: 0.01321738149879823
sample 0/1, prog: 0.014642590894947972
sample 0/1, prog: 0.014659296646111632
sample 0/1, prog: 0.019547817080377634
sample 0/1, prog: 0.019570787488227666
sample 0/1, prog: 0.01958331680160041
sample 0/1, prog: 0.021713300074967058
sample 0/1, prog: 0.021731049935578447
sample 0/1, prog: 0.021743579248951192
sample 0/1, prog: 0.02256216105597053
sample 0/1, prog: 0.022568425712656902
sample 0/1, prog: 0.022583043244925105
sample 0/1, prog: 0.022935952238257423
sample 0/1, prog: 0.022949525661077896
sample 0/1, prog: 0.0231458182372509
sample 0/1, prog: 0.023148950565594087
sample 0/1, prog: 0.023352551907901194
sample 0/1, prog: 0.023393272176362615
sample 0/1, prog: 0.02341415436531719
sample 0/1, prog: 0.023428771897585392
sample 0/1, prog: 0.023441301210958138
sample 0/1, prog: 0.023453830524330883
sample 0/1, prog: 0.023475756822733188
sample 0/1, prog: 0.023736784184665374
sample 0/1, prog: 0.023757666373619948
sample 0/1, prog: 0.0278526636276121
sample 0/1, prog: 0.03983173132140404
sample 0/1, prog: 0.12127957701038053
sample 0/1, prog: 0.13295063241709248
sample 0/1, prog: 0.15801134738147793
sample 0/1, prog: 0.1580290972420893
sample 0/1, prog: 0.1580395383365666
sample 0/1, prog: 0.15816796379863723
sample 0/1, prog: 0.1608471486415092
sample 0/1, prog: 0.16087011904935922
sample 0/1, prog: 0.16088786890997062
sample 0/1, prog: 0.16105597053105494
sample 0/1, prog: 0.16107476450111408
sample 0/1, prog: 0.1644639437684416
sample 0/1, prog: 0.16447856130070979
sample 0/1, prog: 0.16448795828573934
sample 0/1, prog: 0.16521465846135855
sample 0/1, prog: 0.1652313642125222
sample 0/1, prog: 0.1652418053069995
sample 0/1, prog: 0.1652459817447904
sample 0/1, prog: 0.16525329051092452
sample 0/1, prog: 0.16525329051092452
sample 0/1, prog: 0.16543600966427705
sample 0/1, prog: 0.1654380978831725
sample 0/1, prog: 0.1654527154154407
sample 0/1, prog: 0.16546211240047026
sample 0/1, prog: 0.16730600968515924
sample 0/1, prog: 0.16731645077963653
sample 0/1, prog: 0.16735717104809794
sample 0/1, prog: 0.16736239159533658
sample 0/1, prog: 0.16740520008269347
sample 0/1, prog: 0.16744383213225944
sample 0/1, prog: 0.16744905267949808
sample 0/1, prog: 0.16746367021176628
sample 0/1, prog: 0.16904862835341852
sample 0/1, prog: 0.16906324588568672
sample 0/1, prog: 0.16907159876126854
sample 0/1, prog: 0.16947462500809185
sample 0/1, prog: 0.16947671322698732
sample 0/1, prog: 0.16973460826057632
sample 0/1, prog: 0.16975340223063543
sample 0/1, prog: 0.16975862277787407
sample 0/1, prog: 0.1697669756534559
sample 0/1, prog: 0.16977219620069453
sample 0/1, prog: 0.16982753400142417
sample 0/1, prog: 0.16989122467773562
sample 0/1, prog: 0.17210786903526376
sample 0/1, prog: 0.1721130895825024
sample 0/1, prog: 0.1723490583176891
sample 0/1, prog: 0.17912428452400095
sample 0/1, prog: 0.17989588140587248
sample 0/1, prog: 0.17990841071924524
sample 0/1, prog: 0.18021746711577294
sample 0/1, prog: 0.18022477588190705
sample 0/1, prog: 0.18022790821025023
sample 0/1, prog: 0.18023104053859343
sample 0/1, prog: 0.18027489313539802
sample 0/1, prog: 0.18031978984165037
sample 0/1, prog: 0.1803458925778436
sample 0/1, prog: 0.18061840514370078
sample 0/1, prog: 0.18062153747204396
sample 0/1, prog: 0.18121772396669708
sample 0/1, prog: 0.18222215725541213
sample 0/1, prog: 0.18293841633655405
sample 0/1, prog: 0.18293841633655405
sample 0/1, prog: 0.183716277875112
sample 0/1, prog: 0.18376952745694614
sample 0/1, prog: 0.184243553146215
sample 0/1, prog: 0.18424772958400593
sample 0/1, prog: 0.18425608245958774
sample 0/1, prog: 0.18463509418911328
sample 0/1, prog: 0.1847948429346158
sample 0/1, prog: 0.1849514593517751
sample 0/1, prog: 0.18495772400846147
sample 0/1, prog: 0.18526991273333235
sample 0/1, prog: 0.18532107409627108
sample 0/1, prog: 0.18532629464350972
sample 0/1, prog: 0.18533151519074836
sample 0/1, prog: 0.1853555297080461
sample 0/1, prog: 0.18538476477258253
sample 0/1, prog: 0.18538894121037344
sample 0/1, prog: 0.1854129557276712
sample 0/1, prog: 0.18541504394656666
sample 0/1, prog: 0.1854275732599394
sample 0/1, prog: 0.18543174969773032
sample 0/1, prog: 0.18639546271798396
sample 0/1, prog: 0.18641634490693854
sample 0/1, prog: 0.189008868665649
sample 0/1, prog: 0.19042676929566466
sample 0/1, prog: 0.19053848900657164
sample 0/1, prog: 0.19054266544436255
sample 0/1, prog: 0.19054893010104892
sample 0/1, prog: 0.19273633939404064
sample 0/1, prog: 0.19287625006003628
sample 0/1, prog: 0.19308089551179114
sample 0/1, prog: 0.1951826878300691
sample 0/1, prog: 0.19788171075244793
sample 0/1, prog: 0.197939136772073
sample 0/1, prog: 0.1984194271180282
sample 0/1, prog: 0.19956063874439575
sample 0/1, prog: 0.1995992707939617
sample 0/1, prog: 0.20685374323678105
sample 0/1, prog: 0.21566811519450715
sample 0/1, prog: 0.21967853958323327
sample 0/1, prog: 0.22617916500479246
sample 0/1, prog: 0.22863386631640276
sample 0/1, prog: 0.22994109134495913
sample 0/1, prog: 0.23205436886716213
sample 0/1, prog: 0.23465628961090218
sample 0/1, prog: 0.23907391668424252
sample 0/1, prog: 0.24419944996314294
sample 0/1, prog: 0.24492510602931442
sample 0/1, prog: 0.24852832773342634
sample 0/1, prog: 0.2515123925350351
sample 0/1, prog: 0.255065496985656
sample 0/1, prog: 0.26550450324404806
sample 0/1, prog: 0.2701497461769933
sample 0/1, prog: 0.27278925486085154
sample 0/1, prog: 0.2819638445780441
sample 0/1, prog: 0.2854522142429058
sample 0/1, prog: 0.28982076817220287
sample 0/1, prog: 0.29110919923070017
sample 0/1, prog: 0.29181606132681254
sample 0/1, prog: 0.2922034259319199
sample 0/1, prog: 0.29407133773390665
sample 0/1, prog: 0.2992271501867912
sample 0/1, prog: 0.3041898023918459
sample 0/1, prog: 0.30520467677503826
sample 0/1, prog: 0.3123129738951756
sample 0/1, prog: 0.31874677631208015
sample 0/1, prog: 0.32072014316828745
sample 0/1, prog: 0.33560287923621307
sample 0/1, prog: 0.3377422594946093
sample 0/1, prog: 0.3415741411677738
sample 0/1, prog: 0.3447252634810191
sample 0/1, prog: 0.34653470515393303
sample 0/1, prog: 0.3471768324642862
sample 0/1, prog: 0.3474044483238911
sample 0/1, prog: 0.34781269511795304
sample 0/1, prog: 0.34999488386370614
sample 0/1, prog: 0.35029349916575653
sample 0/1, prog: 0.354387452310301
sample 0/1, prog: 0.36194471649296167
sample 0/1, prog: 0.3674586584864172
sample 0/1, prog: 0.37595248884369054
sample 0/1, prog: 0.38713281280997
sample 0/1, prog: 0.39200149516472915
sample 0/1, prog: 0.40282368959043763
sample 0/1, prog: 0.40918127201765797
sample 0/1, prog: 0.41228540940575553
sample 0/1, prog: 0.4165182291068479
sample 0/1, prog: 0.4210903843784521
sample 0/1, prog: 0.42398674398645164
sample 0/1, prog: 0.4246038126700593
sample 0/1, prog: 0.4260593012401932
sample 0/1, prog: 0.4306690444519156
sample 0/1, prog: 0.4384194688824061
sample 0/1, prog: 0.44119053535667824
sample 0/1, prog: 0.4448783299260562
sample 0/1, prog: 0.4463004069938627
sample 0/1, prog: 0.44837609657594746
sample 0/1, prog: 0.45028264042750016
sample 0/1, prog: 0.4519793182800594
sample 0/1, prog: 0.4523959179497032
sample 0/1, prog: 0.45269662147064904
sample 0/1, prog: 0.4574807309601422
sample 0/1, prog: 0.46344364001612104
sample 0/1, prog: 0.46492627543189585
sample 0/1, prog: 0.46502128939163917
sample 0/1, prog: 0.4651789499182462
sample 0/1, prog: 0.46620426539591586
sample 0/1, prog: 0.4681818086899141
sample 0/1, prog: 0.46905468418821533
sample 0/1, prog: 0.4739745279059132
sample 0/1, prog: 0.47403508625388147
sample 0/1, prog: 0.4743483190882001
sample 0/1, prog: 0.47573802876312704
sample 0/1, prog: 0.4757568227331862
sample 0/1, prog: 0.4758883805236
sample 0/1, prog: 0.4763352593672279
sample 0/1, prog: 0.4775850583761592
sample 0/1, prog: 0.4780653487221144
sample 0/1, prog: 0.48007317119009685
sample 0/1, prog: 0.48221150733904533
sample 0/1, prog: 0.48333914554259233
sample 0/1, prog: 0.48480925164499444
sample 0/1, prog: 0.48497735326607877
sample 0/1, prog: 0.4853939529357225
sample 0/1, prog: 0.48588677259505053
sample 0/1, prog: 0.4873192907573343
sample 0/1, prog: 0.49090893903862576
sample 0/1, prog: 0.49660455607598614
sample 0/1, prog: 0.4990874483426851
sample 0/1, prog: 0.499730619762486
sample 0/1, prog: 0.4997734282498429
sample 0/1, prog: 0.4997859575632156
sample 0/1, prog: 0.4998861920701976
sample 0/1, prog: 0.4999759854827022
sample 0/1, prog: 0.5002276158596048
sample 0/1, prog: 0.5002944388642595
sample 0/1, prog: 0.5003163651626618
sample 0/1, prog: 0.5222489282216519
sample 0/1, prog: 0.5251964491925901
sample 0/1, prog: 0.5260453101735937
sample 0/1, prog: 0.5261330153672028
sample 0/1, prog: 0.5263742046496281
sample 0/1, prog: 0.5268388333538675
sample 0/1, prog: 0.5268388333538675
sample 0/1, prog: 0.5271384927653656
sample 0/1, prog: 0.5285730991465449
sample 0/1, prog: 0.5285751873654404
sample 0/1, prog: 0.5287631270660316
sample 0/1, prog: 0.5288111561006271
sample 0/1, prog: 0.5300118819655152
sample 0/1, prog: 0.5320739981247794
sample 0/1, prog: 0.5326555670871643
sample 0/1, prog: 0.5326597435249553
sample 0/1, prog: 0.5327735514547577
sample 0/1, prog: 0.5329364325286033
sample 0/1, prog: 0.533153607293731
sample 0/1, prog: 0.5333206648053676
sample 0/1, prog: 0.5333655615116198
sample 0/1, prog: 0.5336276329829998
sample 0/1, prog: 0.5336798384553862
sample 0/1, prog: 0.5341507318163119
sample 0/1, prog: 0.5349620048571971
sample 0/1, prog: 0.5350987831948496
sample 0/1, prog: 0.5351457681199974
sample 0/1, prog: 0.5383135961844064
sample 0/1, prog: 0.538939017743596
sample 0/1, prog: 0.5508596153083151
sample 0/1, prog: 0.5527369240953314
sample 0/1, prog: 0.5533842719529232
sample 0/1, prog: 0.5537611954635533
sample 0/1, prog: 0.5541109721285424
sample 0/1, prog: 0.5545557627532749
sample 0/1, prog: 0.5550089062535891
sample 0/1, prog: 0.5563631162072933
sample 0/1, prog: 0.5579104864088273
sample 0/1, prog: 0.558354232924112
sample 0/1, prog: 0.5595737527590592
sample 0/1, prog: 0.5599005590161983
sample 0/1, prog: 0.5605113630431197
sample 0/1, prog: 0.5606700676791744
sample 0/1, prog: 0.5613007097856025
sample 0/1, prog: 0.5620556009163105
sample 0/1, prog: 0.5625995819385772
sample 0/1, prog: 0.5626121112519499
sample 0/1, prog: 0.5628459917682411
sample 0/1, prog: 0.5642492748659885
sample 0/1, prog: 0.5646084485160072
sample 0/1, prog: 0.5669681358678742
sample 0/1, prog: 0.5701808606385356
sample 0/1, prog: 0.5714713799159283
sample 0/1, prog: 0.5721636244797724
sample 0/1, prog: 0.5730323235402828
sample 0/1, prog: 0.573181631191308
sample 0/1, prog: 0.5734604084138516
sample 0/1, prog: 0.5806741605882095
sample 0/1, prog: 0.5809393643879326
sample 0/1, prog: 0.5810667457405555
sample 0/1, prog: 0.5817276670209678
sample 0/1, prog: 0.5822883537943981
sample 0/1, prog: 0.5828699227567831
sample 0/1, prog: 0.5832144788745336
sample 0/1, prog: 0.5839986050697779
sample 0/1, prog: 0.5841301628601917
sample 0/1, prog: 0.584444439803958
sample 0/1, prog: 0.5873804755709713
sample 0/1, prog: 0.589752692236211
sample 0/1, prog: 0.59840940366733
sample 0/1, prog: 0.5989899285202672
sample 0/1, prog: 0.6008870753867903
sample 0/1, prog: 0.6010071479732791
sample 0/1, prog: 0.601246249036809
sample 0/1, prog: 0.6015260703688003
sample 0/1, prog: 0.6015438202294118
sample 0/1, prog: 0.6029690296255614
sample 0/1, prog: 0.6050582926304667
sample 0/1, prog: 0.6051908945303283
sample 0/1, prog: 0.6053047024601307
sample 0/1, prog: 0.6059311681287679
sample 0/1, prog: 0.6059436974421407
sample 0/1, prog: 0.6087220726825469
sample 0/1, prog: 0.6107612184339611
sample 0/1, prog: 0.6168943173299198
sample 0/1, prog: 0.619672692570326
sample 0/1, prog: 0.6211438427821758
sample 0/1, prog: 0.6214226200047194
sample 0/1, prog: 0.6222568634534547
sample 0/1, prog: 0.6247961376303309
sample 0/1, prog: 0.6251125027929928
sample 0/1, prog: 0.6272383096285685
sample 0/1, prog: 0.6282270812755676
sample 0/1, prog: 0.6294747920656035
sample 0/1, prog: 0.6295134241151694
sample 0/1, prog: 0.6295447473986013
sample 0/1, prog: 0.6298078629794289
sample 0/1, prog: 0.6344280472856286
sample 0/1, prog: 0.6346086782200857
sample 0/1, prog: 0.6355243622057438
sample 0/1, prog: 0.6371636140386779
sample 0/1, prog: 0.6374684939974148
sample 0/1, prog: 0.6377712857372562
sample 0/1, prog: 0.6387015872551824
sample 0/1, prog: 0.6407793650561626
sample 0/1, prog: 0.6424603812670059
sample 0/1, prog: 0.6425303366000038
sample 0/1, prog: 0.642960509692468
sample 0/1, prog: 0.6437561210916373
sample 0/1, prog: 0.6441320004928197
sample 0/1, prog: 0.644227014452563
sample 0/1, prog: 0.6510179023005908
sample 0/1, prog: 0.652152849270272
sample 0/1, prog: 0.653703351800149
sample 0/1, prog: 0.6548863278044258
sample 0/1, prog: 0.6582358309127396
sample 0/1, prog: 0.6585166963541786
sample 0/1, prog: 0.6607646639951387
sample 0/1, prog: 0.6621794322968111
sample 0/1, prog: 0.6627432513985846
sample 0/1, prog: 0.662884206174028
sample 0/1, prog: 0.6635305099221721
sample 0/1, prog: 0.6639502419201591
sample 0/1, prog: 0.6643908561071006
sample 0/1, prog: 0.6648836757664286
sample 0/1, prog: 0.6651186003921675
sample 0/1, prog: 0.665271040371536
sample 0/1, prog: 0.6652752168093268
sample 0/1, prog: 0.6695926093756852
sample 0/1, prog: 0.6703579416008704
sample 0/1, prog: 0.6715670203413403
sample 0/1, prog: 0.673115434652322
sample 0/1, prog: 0.6731916546420061
sample 0/1, prog: 0.6743255575022397
sample 0/1, prog: 0.6745333352823376
sample 0/1, prog: 0.6757497227889416
sample 0/1, prog: 0.6758374279825509
sample 0/1, prog: 0.6771237708221527
sample 0/1, prog: 0.6775048707705736
sample 0/1, prog: 0.6775769143224669
sample 0/1, prog: 0.6786899349937457
sample 0/1, prog: 0.6788235810030551
sample 0/1, prog: 0.6810903426140742
sample 0/1, prog: 0.6811321069919833
sample 0/1, prog: 0.6814087959956314
sample 0/1, prog: 0.6816896614370704
sample 0/1, prog: 0.6819026597644071
sample 0/1, prog: 0.6838039830687211
sample 0/1, prog: 0.6841725537037694
sample 0/1, prog: 0.6843260377925856
sample 0/1, prog: 0.6866439607665434
sample 0/1, prog: 0.6874145135389672
sample 0/1, prog: 0.6880837876949614
sample 0/1, prog: 0.6915241283252276
sample 0/1, prog: 0.6916807447423868
sample 0/1, prog: 0.6918300523934121
sample 0/1, prog: 0.6922518726102945
sample 0/1, prog: 0.6927520010357566
sample 0/1, prog: 0.6927958536325611
sample 0/1, prog: 0.6938963449904673
sample 0/1, prog: 0.6952244522079782
sample 0/1, prog: 0.6960889748306976
sample 0/1, prog: 0.6963155465808548
sample 0/1, prog: 0.6963750608193753
sample 0/1, prog: 0.6975392428535929
sample 0/1, prog: 0.6975549044953088
sample 0/1, prog: 0.6985081764210852
sample 0/1, prog: 0.6985154851872193
sample 0/1, prog: 0.6985645583312625
sample 0/1, prog: 0.6986439106492899
sample 0/1, prog: 0.6987545862507492
sample 0/1, prog: 0.6990375399110836
sample 0/1, prog: 0.6991388185275134
sample 0/1, prog: 0.6992881261785385
sample 0/1, prog: 0.6992964790541204
sample 0/1, prog: 0.6993142289147317
sample 0/1, prog: 0.6994186398595046
sample 0/1, prog: 0.6994854628641592
sample 0/1, prog: 0.7006475566794814
sample 0/1, prog: 0.7008678637729522
sample 0/1, prog: 0.7009660100610386
sample 0/1, prog: 0.7009931569066796
sample 0/1, prog: 0.7015308732722599
sample 0/1, prog: 0.7024277632878589
sample 0/1, prog: 0.7024329838350976
sample 0/1, prog: 0.7029080536338141
sample 0/1, prog: 0.7029696560912301
sample 0/1, prog: 0.7029832295140506
sample 0/1, prog: 0.7033121239900851
sample 0/1, prog: 0.7034708286261399
sample 0/1, prog: 0.7034791815017217
sample 0/1, prog: 0.7035856806653901
sample 0/1, prog: 0.7038728107635155
sample 0/1, prog: 0.704048221150734
sample 0/1, prog: 0.7045316438250323
sample 0/1, prog: 0.7045326879344801
sample 0/1, prog: 0.7046120402525075
sample 0/1, prog: 0.7046256136753279
sample 0/1, prog: 0.7046381429887006
sample 0/1, prog: 0.7069205662414357
sample 0/1, prog: 0.7070239330767608
sample 0/1, prog: 0.7075940168352207
sample 0/1, prog: 0.7082873055085126
sample 0/1, prog: 0.7087300079143496
sample 0/1, prog: 0.7105853904029636
sample 0/1, prog: 0.7112849437329418
sample 0/1, prog: 0.7134253681007858
sample 0/1, prog: 0.7134264122102335
sample 0/1, prog: 0.7136039108163474
sample 0/1, prog: 0.7161974786845057
sample 0/1, prog: 0.7163781096189626
sample 0/1, prog: 0.7164679030314673
sample 0/1, prog: 0.7164762559070492
sample 0/1, prog: 0.7170035311781522
sample 0/1, prog: 0.7171204714362979
sample 0/1, prog: 0.7184621520766293
sample 0/1, prog: 0.7188014876471411
sample 0/1, prog: 0.7188547372289753
sample 0/1, prog: 0.7188735311990344
sample 0/1, prog: 0.7189476629698232
sample 0/1, prog: 0.7190228388500596
sample 0/1, prog: 0.7191731906105325
sample 0/1, prog: 0.7191951169089349
sample 0/1, prog: 0.7201630063669794
sample 0/1, prog: 0.7205054742658344
sample 0/1, prog: 0.7212864681327356
sample 0/1, prog: 0.7212864681327356
sample 0/1, prog: 0.7214524815349245
sample 0/1, prog: 0.7224036652418053
sample 0/1, prog: 0.7224558707141917
sample 0/1, prog: 0.7231408065119018
sample 0/1, prog: 0.7282329282884749
sample 0/1, prog: 0.7284302649740957
sample 0/1, prog: 0.7284782940086911
sample 0/1, prog: 0.7284876909937207
sample 0/1, prog: 0.7284908233220639
sample 0/1, prog: 0.7287549830123393
sample 0/1, prog: 0.728771688763503
sample 0/1, prog: 0.7293543018353356
sample 0/1, prog: 0.7295244916753154
sample 0/1, prog: 0.7298157982112317
sample 0/1, prog: 0.7298157982112317
sample 0/1, prog: 0.7298387686190817
sample 0/1, prog: 0.7299577970961229
sample 0/1, prog: 0.7302021187068913
sample 0/1, prog: 0.7302042069257868
sample 0/1, prog: 0.7303232354028278
sample 0/1, prog: 0.7310447150312084
sample 0/1, prog: 0.7310488914689993
sample 0/1, prog: 0.7311282437870267
sample 0/1, prog: 0.7312013314483677
sample 0/1, prog: 0.731261889796336
sample 0/1, prog: 0.7314216385418385
sample 0/1, prog: 0.7316962393265912
sample 0/1, prog: 0.7317035480927253
sample 0/1, prog: 0.7318225765697663
sample 0/1, prog: 0.7329032298481656
sample 0/1, prog: 0.7361169987282747
sample 0/1, prog: 0.7364030847169524
sample 0/1, prog: 0.7368123756204621
sample 0/1, prog: 0.7375724872984085
sample 0/1, prog: 0.7378564850681908
sample 0/1, prog: 0.7392263566636109
sample 0/1, prog: 0.7394142963642021
sample 0/1, prog: 0.7397024705717752
sample 0/1, prog: 0.7402140842011623
sample 0/1, prog: 0.7402224370767442
sample 0/1, prog: 0.740253760360176
sample 0/1, prog: 0.7402704661113396
sample 0/1, prog: 0.7406630512636857
sample 0/1, prog: 0.740680801124297
sample 0/1, prog: 0.7407142126266244
sample 0/1, prog: 0.7423597291162449
sample 0/1, prog: 0.7423722584296176
sample 0/1, prog: 0.7424213315736609
sample 0/1, prog: 0.7469308402784014
sample 0/1, prog: 0.748113816282678
sample 0/1, prog: 0.7710414156453536
sample 0/1, prog: 0.7837670215942716
sample 0/1, prog: 0.7882598245478484
sample 0/1, prog: 0.8049540905075834
sample 0/1, prog: 0.8091430576118711
sample 0/1, prog: 0.8093497912825214
sample 0/1, prog: 0.80935501182976
sample 0/1, prog: 0.8093748499092669
sample 0/1, prog: 0.8094656874312193
sample 0/1, prog: 0.8095586131720671
sample 0/1, prog: 0.8108240738227144
sample 0/1, prog: 0.8111195567964217
sample 0/1, prog: 0.8113461285465787
sample 0/1, prog: 0.8119485796979182
sample 0/1, prog: 0.8120018292797524
sample 0/1, prog: 0.8126919856247011
sample 0/1, prog: 0.8130490710558244
sample 0/1, prog: 0.8151874072047728
sample 0/1, prog: 0.8170866422901915
sample 0/1, prog: 0.8253016954249213
sample 0/1, prog: 0.8308229461845108
sample 0/1, prog: 0.841835168529706
sample 0/1, prog: 0.8481071339822126
sample 0/1, prog: 0.848159339454599
sample 0/1, prog: 0.848159339454599
sample 0/1, prog: 0.8488463634712045
sample 0/1, prog: 0.8488682897696068
sample 0/1, prog: 0.8488693338790545
sample 0/1, prog: 0.8490280385151093
sample 0/1, prog: 0.8498664584016354
sample 0/1, prog: 0.8513470055985148
sample 0/1, prog: 0.8514524606527355
sample 0/1, prog: 0.8515861066620447
sample 0/1, prog: 0.851769869924845
sample 0/1, prog: 0.8518753249790656
sample 0/1, prog: 0.8556330748814414
sample 0/1, prog: 0.8557353976073188
sample 0/1, prog: 0.8560319246904737
sample 0/1, prog: 0.8564495684695652
sample 0/1, prog: 0.8564527007979085
sample 0/1, prog: 0.856531009006488
sample 0/1, prog: 0.8576941469312579
sample 0/1, prog: 0.8577369554186148
sample 0/1, prog: 0.8578413663633877
sample 0/1, prog: 0.8578444986917309
sample 0/1, prog: 0.8579833652482788
sample 0/1, prog: 0.8579896299049652
sample 0/1, prog: 0.864849428976543
sample 0/1, prog: 0.8650237952543137
sample 0/1, prog: 0.8650572067566411
sample 0/1, prog: 0.8650624273038797
sample 0/1, prog: 0.8653057048052005
sample 0/1, prog: 0.865969758413956
sample 0/1, prog: 0.865981243617881
sample 0/1, prog: 0.8661702274279199
sample 0/1, prog: 0.86626210905932
sample 0/1, prog: 0.866316402750602
sample 0/1, prog: 0.8663466819245861
sample 0/1, prog: 0.8664229019142703
sample 0/1, prog: 0.8669136333547027
sample 0/1, prog: 0.8669877651254915
sample 0/1, prog: 0.8670556322395939
sample 0/1, prog: 0.8678220085742268
sample 0/1, prog: 0.8679629633496702
sample 0/1, prog: 0.8684453419145208
sample 0/1, prog: 0.8684505624617594
sample 0/1, prog: 0.8689579996533556
sample 0/1, prog: 0.8693986138402972
sample 0/1, prog: 0.87002716772783
sample 0/1, prog: 0.8704646495864282
sample 0/1, prog: 0.8705440019044556
sample 0/1, prog: 0.8739571956890809
sample 0/1, prog: 0.873987474863065
sample 0/1, prog: 0.8742913107123541
sample 0/1, prog: 0.8745043090396908
sample 0/1, prog: 0.8748039684511889
sample 0/1, prog: 0.8754868160300036
sample 0/1, prog: 0.8761790605938476
sample 0/1, prog: 0.8769882454158374
sample 0/1, prog: 0.8788749511878833
sample 0/1, prog: 0.8789459506303289
sample 0/1, prog: 0.8795452694533252
sample 0/1, prog: 0.8796580332736799
sample 0/1, prog: 0.8796580332736799
sample 0/1, prog: 0.8805110706924743
sample 0/1, prog: 0.8814413722104005
sample 0/1, prog: 0.8825094961754271
sample 0/1, prog: 0.8825700545233953
sample 0/1, prog: 0.8826410539658409
sample 0/1, prog: 0.8832675196344781
sample 0/1, prog: 0.8842897027838046
sample 0/1, prog: 0.8844974805639026
sample 0/1, prog: 0.8848712717461895
sample 0/1, prog: 0.8856428686280611
sample 0/1, prog: 0.8886415509619381
sample 0/1, prog: 0.8903852137396451
sample 0/1, prog: 0.8907788430014388
sample 0/1, prog: 0.8908602835383617
sample 0/1, prog: 0.8909417240752845
sample 0/1, prog: 0.891636056858024
sample 0/1, prog: 0.8917999820413175
sample 0/1, prog: 0.8940740524184707
sample 0/1, prog: 0.8940928463885298
sample 0/1, prog: 0.8956851132963162
sample 0/1, prog: 0.8958083182111481
sample 0/1, prog: 0.8969067213501588
sample 0/1, prog: 0.8969704120264702
sample 0/1, prog: 0.8995712886607625
sample 0/1, prog: 0.9010842032505215
sample 0/1, prog: 0.9011176147528489
sample 0/1, prog: 0.9014308475871675
sample 0/1, prog: 0.9016271401633404
sample 0/1, prog: 0.902279708568171
sample 0/1, prog: 0.9025845885269077
sample 0/1, prog: 0.9030732317484448
sample 0/1, prog: 0.9032496862451109
sample 0/1, prog: 0.9033447002048542
sample 0/1, prog: 0.9034063026622703
sample 0/1, prog: 0.9065772630550225
sample 0/1, prog: 0.9095686366227653
sample 0/1, prog: 0.9112997700870996
sample 0/1, prog: 0.9116725171599388
sample 0/1, prog: 0.9121235724413576
sample 0/1, prog: 0.9123407472064852
sample 0/1, prog: 0.913211534485891
sample 0/1, prog: 0.9135633993697755
sample 0/1, prog: 0.9139695579449421
sample 0/1, prog: 0.9145187595144474
sample 0/1, prog: 0.9146555378520999
sample 0/1, prog: 0.9149301386368525
sample 0/1, prog: 0.9153279443364372
sample 0/1, prog: 0.9154010319977781
sample 0/1, prog: 0.9159585864428653
sample 0/1, prog: 0.916217525585902
sample 0/1, prog: 0.9175404122561743
sample 0/1, prog: 0.9179570119258181
sample 0/1, prog: 0.9189865038412787
sample 0/1, prog: 0.9190762972537834
sample 0/1, prog: 0.9190961353332902
sample 0/1, prog: 0.9191232821789311
sample 0/1, prog: 0.923358190098919
sample 0/1, prog: 0.9234291895413644
sample 0/1, prog: 0.9234417188547372
sample 0/1, prog: 0.9238792007133356
sample 0/1, prog: 0.9266032822624599
sample 0/1, prog: 0.9266721934860099
sample 0/1, prog: 0.927395761333286
sample 0/1, prog: 0.9275659511732658
sample 0/1, prog: 0.9293753928461798
sample 0/1, prog: 0.9316693013028398
sample 0/1, prog: 0.9327040137655389
sample 0/1, prog: 0.9334286257222627
sample 0/1, prog: 0.9336823443180607
sample 0/1, prog: 0.9360117524959436
sample 0/1, prog: 0.9374025062803183
sample 0/1, prog: 0.9376917245973392
sample 0/1, prog: 0.9377167832240847
sample 0/1, prog: 0.9384695861358971
sample 0/1, prog: 0.9386345554286383
sample 0/1, prog: 0.9394990780513577
sample 0/1, prog: 0.9416990166577222
sample 0/1, prog: 0.9421699100186478
sample 0/1, prog: 0.942677347210244
sample 0/1, prog: 0.9432630926104197
sample 0/1, prog: 0.9435042818928452
sample 0/1, prog: 0.9436013840714839
sample 0/1, prog: 0.9436525454344226
sample 0/1, prog: 0.943827955821641
sample 0/1, prog: 0.94728082576528
sample 0/1, prog: 0.947689072559342
sample 0/1, prog: 0.9478091451458308
sample 0/1, prog: 0.9478822328071718
sample 0/1, prog: 0.9478822328071718
sample 0/1, prog: 0.9478999826677832
sample 0/1, prog: 0.9480419815526743
sample 0/1, prog: 0.948120289761254
sample 0/1, prog: 0.9487467554298912
sample 0/1, prog: 0.9507159458483077
sample 0/1, prog: 0.9507462250222918
sample 0/1, prog: 0.950952958692942
sample 0/1, prog: 0.9509675762252102
sample 0/1, prog: 0.9514708369790155
sample 0/1, prog: 0.9515888213466088
sample 0/1, prog: 0.9524282853425827
sample 0/1, prog: 0.9529795751309835
sample 0/1, prog: 0.9531153093591883
sample 0/1, prog: 0.9541771686675284
sample 0/1, prog: 0.9543014176918081
sample 0/1, prog: 0.9543014176918081
sample 0/1, prog: 0.954305594129599
sample 0/1, prog: 0.9552233663341526
sample 0/1, prog: 0.9556326572376623
sample 0/1, prog: 0.9560356834844855
sample 0/1, prog: 0.9563489163188043
sample 0/1, prog: 0.9565138856115454
sample 0/1, prog: 0.9573731876870261
sample 0/1, prog: 0.9576979057252697
sample 0/1, prog: 0.9577281848992539
sample 0/1, prog: 0.9577386259937312
sample 0/1, prog: 0.9580967555343022
sample 0/1, prog: 0.9582335338719546
sample 0/1, prog: 0.9583034892049525
sample 0/1, prog: 0.9587002507950894
sample 0/1, prog: 0.9590573362262126
sample 0/1, prog: 0.9592661581157583
sample 0/1, prog: 0.9593872748116948
sample 0/1, prog: 0.9596128024524043
sample 0/1, prog: 0.9606036623182989
sample 0/1, prog: 0.9606151475222239
sample 0/1, prog: 0.9612771129120838
sample 0/1, prog: 0.9616592569699526
sample 0/1, prog: 0.9633454937280346
sample 0/1, prog: 0.963470786861762
sample 0/1, prog: 0.9649899661082073
sample 0/1, prog: 0.9652207142961554
sample 0/1, prog: 0.9666626294434688
sample 0/1, prog: 0.9667576434032121
sample 0/1, prog: 0.9739045725729154
sample 0/1, prog: 0.9743149075858728
sample 0/1, prog: 0.9751919595219649
sample 0/1, prog: 0.9764166999041507
sample 0/1, prog: 0.976442802640344
sample 0/1, prog: 0.9764991845505213
sample 0/1, prog: 0.9765336401622964
sample 0/1, prog: 0.976577492759101
sample 0/1, prog: 0.9766035954952942
sample 0/1, prog: 0.9772352817111701
sample 0/1, prog: 0.9775213676998478
sample 0/1, prog: 0.9781248629606349
sample 0/1, prog: 0.9786385648089175
sample 0/1, prog: 0.9786594469978721
sample 0/1, prog: 0.9811642655629734
sample 0/1, prog: 0.9820830818769747
sample 0/1, prog: 0.9822115073390453
sample 0/1, prog: 0.9829382075146645
sample 0/1, prog: 0.9829643102508577
sample 0/1, prog: 0.9832858959607582
sample 0/1, prog: 0.9833130428063991
sample 0/1, prog: 0.983440424159022
sample 0/1, prog: 0.9834780120991403
sample 0/1, prog: 0.9844187547115438
sample 0/1, prog: 0.9852415129563541
sample 0/1, prog: 0.9888718815061069
sample 0/1, prog: 0.9890399831271913
sample 0/1, prog: 0.989360524727644
sample 0/1, prog: 0.9898481238397334
sample 0/1, prog: 0.9903252818573454
sample 0/1, prog: 0.9907450138553324
sample 0/1, prog: 0.991277509673674
sample 0/1, prog: 0.9916784477016019
sample 0/1, prog: 0.9992545058543216
timer run_sim 46.19
timer run_sim 46.30
timer send_heartbeat 0.86
timer send_burn_requests 0.00
timer do_spread_steps 2.78
timer init_partition 13.06
timer receive_from_headnode 25.76
timer do_tasks 32.92
counter send_heartbeat 779
counter send_burn_requests 0
counter do_spread_steps 779
counter init_partition 1
counter receive_from_headnode 779
counter do_tasks 1
counter n_edge_in_send_heartbeat 1043464
timer send_heartbeat 0.72
timer send_burn_requests 0.00
timer do_spread_steps 10.09
timer init_partition 19.03
timer receive_from_headnode 12.98
timer do_tasks 27.07
counter send_heartbeat 779
counter send_burn_requests 0
counter do_spread_steps 779
counter init_partition 1
counter receive_from_headnode 779
counter do_tasks 1
counter n_edge_in_send_heartbeat 1361802
timer run 49.07
timer stitch 1.30
counter run 1
counter stitch 1
timer edges2file 1.12
timer write2file 0.58
counter edges2file 1
counter write2file 1
timer run_sim 49.29
