sample 0/1, prog: 0.0
timer read_partition_file 0.20
timer read_partition_file 0.20
timer read_partition_file 0.21
timer read_partition_file 0.22
sample 0/1, prog: 0.00497309329953203
sample 0/1, prog: 0.030570480520050035
sample 0/1, prog: 0.03150182614742408
sample 0/1, prog: 0.03764641024730776
sample 0/1, prog: 0.04610682910225381
sample 0/1, prog: 0.04896142433234421
sample 0/1, prog: 0.04942396481768805
sample 0/1, prog: 0.05178469627900275
sample 0/1, prog: 0.05415482472534701
sample 0/1, prog: 0.05570950369301512
sample 0/1, prog: 0.05867581863401249
sample 0/1, prog: 0.06242103922301551
sample 0/1, prog: 0.06326050321898943
sample 0/1, prog: 0.06378777849009244
sample 0/1, prog: 0.06684597506248995
sample 0/1, prog: 0.06887990026666556
sample 0/1, prog: 0.0690887221562113
sample 0/1, prog: 0.06979871658066686
sample 0/1, prog: 0.07339776184698785
sample 0/1, prog: 0.07567392044303652
sample 0/1, prog: 0.07654157539409912
sample 0/1, prog: 0.07821632694825602
sample 0/1, prog: 0.08022832585402932
sample 0/1, prog: 0.08060002881742076
sample 0/1, prog: 0.08148856595743792
sample 0/1, prog: 0.08993019084232486
sample 0/1, prog: 0.09102337343409686
sample 0/1, prog: 0.09216458506046438
sample 0/1, prog: 0.09249452364594667
sample 0/1, prog: 0.09684219538628917
sample 0/1, prog: 0.09884479730703291
sample 0/1, prog: 0.09939817531432915
sample 0/1, prog: 0.09970409938251368
sample 0/1, prog: 0.10038590285188055
sample 0/1, prog: 0.10131202793201595
sample 0/1, prog: 0.10223815301215135
sample 0/1, prog: 0.10275811951712026
sample 0/1, prog: 0.10296902962556147
sample 0/1, prog: 0.1042992250619679
sample 0/1, prog: 0.10475445678117763
sample 0/1, prog: 0.10483276498975728
sample 0/1, prog: 0.10820941494371206
sample 0/1, prog: 0.10855501517091028
sample 0/1, prog: 0.10858425023544668
sample 0/1, prog: 0.10859260311102852
sample 0/1, prog: 0.11123315590433451
sample 0/1, prog: 0.11465992311178026
sample 0/1, prog: 0.11476120172820996
sample 0/1, prog: 0.11621669029834383
sample 0/1, prog: 0.11632841000925082
sample 0/1, prog: 0.1170979186722269
sample 0/1, prog: 0.1171271537367633
sample 0/1, prog: 0.11713133017455422
sample 0/1, prog: 0.12015193880683349
sample 0/1, prog: 0.12040461329318385
sample 0/1, prog: 0.12068652284407061
sample 0/1, prog: 0.12078988967939576
sample 0/1, prog: 0.12218481990156137
sample 0/1, prog: 0.12349830958680413
sample 0/1, prog: 0.12380318954554093
sample 0/1, prog: 0.12892245816775497
sample 0/1, prog: 0.12975461339759478
sample 0/1, prog: 0.1308112521586963
sample 0/1, prog: 0.1310952499284785
sample 0/1, prog: 0.13128632195741285
sample 0/1, prog: 0.13160686355786558
sample 0/1, prog: 0.13176139175612944
sample 0/1, prog: 0.13248600371285318
sample 0/1, prog: 0.13271361957245806
sample 0/1, prog: 0.1337358027217845
sample 0/1, prog: 0.14523875650741214
sample 0/1, prog: 0.14984014684355274
sample 0/1, prog: 0.18480528402909308
sample 0/1, prog: 0.19644606026182088
sample 0/1, prog: 0.20452955560613686
sample 0/1, prog: 0.21055302301008402
sample 0/1, prog: 0.22770147657958098
sample 0/1, prog: 0.2289074229917077
sample 0/1, prog: 0.23100086243440382
sample 0/1, prog: 0.23102278873280613
sample 0/1, prog: 0.23123996349793371
sample 0/1, prog: 0.2338627664306283
sample 0/1, prog: 0.23418435214052877
sample 0/1, prog: 0.23564192892955813
sample 0/1, prog: 0.2369710802565168
sample 0/1, prog: 0.2370285062761419
sample 0/1, prog: 0.2376027664723927
sample 0/1, prog: 0.2379003376649954
sample 0/1, prog: 0.23792644040118863
sample 0/1, prog: 0.23904259340081066
sample 0/1, prog: 0.239172062972329
sample 0/1, prog: 0.2412926492606661
sample 0/1, prog: 0.2434758821158669
sample 0/1, prog: 0.24357820484174433
sample 0/1, prog: 0.24382983521864696
sample 0/1, prog: 0.24415037681909968
sample 0/1, prog: 0.2443143020023931
sample 0/1, prog: 0.2453354410422718
sample 0/1, prog: 0.2460318620439069
sample 0/1, prog: 0.24692770795005817
sample 0/1, prog: 0.24696425178072867
sample 0/1, prog: 0.24906395588011118
sample 0/1, prog: 0.2502479759938356
sample 0/1, prog: 0.25262854553465713
sample 0/1, prog: 0.2593024931245393
sample 0/1, prog: 0.27947886409244965
sample 0/1, prog: 0.299420310434621
sample 0/1, prog: 0.31467161713759484
sample 0/1, prog: 0.31937846252795604
sample 0/1, prog: 0.3303405676196602
sample 0/1, prog: 0.34243761968104547
sample 0/1, prog: 0.35643808326564025
sample 0/1, prog: 0.3678053028230631
sample 0/1, prog: 0.36996034472317524
sample 0/1, prog: 0.37769510751194985
sample 0/1, prog: 0.38249696686205437
sample 0/1, prog: 0.3832967546990146
sample 0/1, prog: 0.3841581449933908
sample 0/1, prog: 0.3896512047978917
sample 0/1, prog: 0.3897148954742032
sample 0/1, prog: 0.3925747112515322
sample 0/1, prog: 0.393630305903186
sample 0/1, prog: 0.39441756442677345
sample 0/1, prog: 0.3946149011123942
sample 0/1, prog: 0.394881149021565
sample 0/1, prog: 0.39576446561434353
sample 0/1, prog: 0.3961915063784646
sample 0/1, prog: 0.39664360576933116
sample 0/1, prog: 0.39806672694658546
sample 0/1, prog: 0.3981168442000764
sample 0/1, prog: 0.3995253478450625
sample 0/1, prog: 0.4011833936480558
sample 0/1, prog: 0.40170858070026333
sample 0/1, prog: 0.4029907471020742
sample 0/1, prog: 0.40413195872844176
sample 0/1, prog: 0.4043627069163898
sample 0/1, prog: 0.40554359470177104
sample 0/1, prog: 0.4055864031891279
sample 0/1, prog: 0.40683098165082054
sample 0/1, prog: 0.4069896862868753
sample 0/1, prog: 0.40712019996784143
sample 0/1, prog: 0.407302919121194
sample 0/1, prog: 0.4073916684242509
sample 0/1, prog: 0.40759631387600576
sample 0/1, prog: 0.4088482011038325
sample 0/1, prog: 0.410432115136037
sample 0/1, prog: 0.4144018192563017
sample 0/1, prog: 0.42130547092468423
sample 0/1, prog: 0.42639863681070506
sample 0/1, prog: 0.4387400104828589
sample 0/1, prog: 0.4432056665907947
sample 0/1, prog: 0.443620178041543
sample 0/1, prog: 0.44374025062803185
sample 0/1, prog: 0.4471242093481207
sample 0/1, prog: 0.4484606694412135
sample 0/1, prog: 0.44864652092290924
sample 0/1, prog: 0.4494202060236762
sample 0/1, prog: 0.4495204405306582
sample 0/1, prog: 0.4495872635353128
sample 0/1, prog: 0.44999655443882247
sample 0/1, prog: 0.45009992127414766
sample 0/1, prog: 0.4504893740981505
sample 0/1, prog: 0.45054471189888007
sample 0/1, prog: 0.45240009438749407
sample 0/1, prog: 0.4525744606652648
sample 0/1, prog: 0.4527905913209446
sample 0/1, prog: 0.45318317647329065
sample 0/1, prog: 0.45431185878628544
sample 0/1, prog: 0.45432021166186726
sample 0/1, prog: 0.4574911720546195
sample 0/1, prog: 0.45835465056789115
sample 0/1, prog: 0.4587597650336099
sample 0/1, prog: 0.4600513284204503
sample 0/1, prog: 0.46035725248863485
sample 0/1, prog: 0.4610087767840176
sample 0/1, prog: 0.4611121436193428
sample 0/1, prog: 0.461727124084055
sample 0/1, prog: 0.461838843794962
sample 0/1, prog: 0.46312831896290696
sample 0/1, prog: 0.4638696366707944
sample 0/1, prog: 0.46408367910757875
sample 0/1, prog: 0.46495342227753683
sample 0/1, prog: 0.47326035704366676
sample 0/1, prog: 0.4741342766514157
sample 0/1, prog: 0.47562839727111555
sample 0/1, prog: 0.4770609154333994
sample 0/1, prog: 0.47709432693572673
sample 0/1, prog: 0.4771632381592768
sample 0/1, prog: 0.47750675016757954
sample 0/1, prog: 0.477670675350873
sample 0/1, prog: 0.47805073118984626
sample 0/1, prog: 0.4786991231568858
sample 0/1, prog: 0.4787158289080495
sample 0/1, prog: 0.4798633051911034
sample 0/1, prog: 0.48051378537703837
sample 0/1, prog: 0.4815547624964239
sample 0/1, prog: 0.48306976530507834
sample 0/1, prog: 0.4837515687744452
sample 0/1, prog: 0.48429868212505506
sample 0/1, prog: 0.485973433679212
sample 0/1, prog: 0.4906729703034391
sample 0/1, prog: 0.4914048910262969
sample 0/1, prog: 0.4920240479288001
sample 0/1, prog: 0.4986269960762367
sample 0/1, prog: 0.501058726979997
sample 0/1, prog: 0.5015181351369976
sample 0/1, prog: 0.5028159631805245
sample 0/1, prog: 0.5031782691588863
sample 0/1, prog: 0.507821423872936
sample 0/1, prog: 0.5091850308116698
sample 0/1, prog: 0.5100015243997937
sample 0/1, prog: 0.5103763596915283
sample 0/1, prog: 0.5106050196605809
sample 0/1, prog: 0.5120396260417602
sample 0/1, prog: 0.5151897042455579
sample 0/1, prog: 0.516093903027291
sample 0/1, prog: 0.5171933502757493
sample 0/1, prog: 0.5205835736525245
sample 0/1, prog: 0.5210972755008071
sample 0/1, prog: 0.5240917813968932
sample 0/1, prog: 0.5250231270242672
sample 0/1, prog: 0.5252037579587243
sample 0/1, prog: 0.5256109606433385
sample 0/1, prog: 0.5295869294202895
sample 0/1, prog: 0.5296370466737805
sample 0/1, prog: 0.5303376441132065
sample 0/1, prog: 0.5347479624204128
sample 0/1, prog: 0.536248347696799
sample 0/1, prog: 0.5376182192922191
sample 0/1, prog: 0.5403621389208503
sample 0/1, prog: 0.5403798887814616
sample 0/1, prog: 0.5428053550285356
sample 0/1, prog: 0.5429108100827561
sample 0/1, prog: 0.5437450535314914
sample 0/1, prog: 0.544516650413363
sample 0/1, prog: 0.5460410502070469
sample 0/1, prog: 0.5468032501038889
sample 0/1, prog: 0.5475028034338671
sample 0/1, prog: 0.5510162317254744
sample 0/1, prog: 0.5515111396036978
sample 0/1, prog: 0.5518024461396142
sample 0/1, prog: 0.6173704312380841
sample 0/1, prog: 0.6177577958431915
sample 0/1, prog: 0.6208556685746026
sample 0/1, prog: 0.6219467629474792
sample 0/1, prog: 0.6264092867270719
sample 0/1, prog: 0.6314753057674518
sample 0/1, prog: 0.6351829384163366
sample 0/1, prog: 0.6410487452936766
sample 0/1, prog: 0.6430471707766295
sample 0/1, prog: 0.6554000296527083
sample 0/1, prog: 0.6581815372214577
sample 0/1, prog: 0.6687646305836363
sample 0/1, prog: 0.6727635697684374
sample 0/1, prog: 0.6779089411268446
sample 0/1, prog: 0.680224775881907
sample 0/1, prog: 0.6812761940957699
sample 0/1, prog: 0.6859266575759537
sample 0/1, prog: 0.6904351221712465
sample 0/1, prog: 0.6928083829459339
sample 0/1, prog: 0.7024841451980363
sample 0/1, prog: 0.7061249548422663
sample 0/1, prog: 0.7064340112387941
sample 0/1, prog: 0.7089430062416863
sample 0/1, prog: 0.7134869705582018
sample 0/1, prog: 0.7184182994798247
sample 0/1, prog: 0.7252895837553276
sample 0/1, prog: 0.7268473950513389
sample 0/1, prog: 0.7300235759913297
sample 0/1, prog: 0.733964045047058
sample 0/1, prog: 0.7354780037462647
sample 0/1, prog: 0.7363028502099704
sample 0/1, prog: 0.7370786235296328
sample 0/1, prog: 0.7394706782743794
sample 0/1, prog: 0.7414993829313163
sample 0/1, prog: 0.7431762227043688
sample 0/1, prog: 0.7469381490445355
sample 0/1, prog: 0.7492362339389864
sample 0/1, prog: 0.7541101368409843
sample 0/1, prog: 0.7562787521639168
sample 0/1, prog: 0.7569501145388065
sample 0/1, prog: 0.7582260162839309
sample 0/1, prog: 0.769719573084529
sample 0/1, prog: 0.7735274402403958
sample 0/1, prog: 0.7767485178866389
sample 0/1, prog: 0.7771828674168941
sample 0/1, prog: 0.7808936323941221
sample 0/1, prog: 0.7825130461475494
sample 0/1, prog: 0.7842316502985109
sample 0/1, prog: 0.784777719539673
sample 0/1, prog: 0.788018635265423
sample 0/1, prog: 0.7892569490704293
sample 0/1, prog: 0.7897852684509801
sample 0/1, prog: 0.7901183393648056
sample 0/1, prog: 0.7915811367010736
sample 0/1, prog: 0.7992668263458049
sample 0/1, prog: 0.8031060167851035
sample 0/1, prog: 0.8088507069665071
sample 0/1, prog: 0.8163275747216926
sample 0/1, prog: 0.8167807182220069
sample 0/1, prog: 0.8171304948869961
sample 0/1, prog: 0.8181349281757111
sample 0/1, prog: 0.8228407294566246
sample 0/1, prog: 0.8253987976035599
sample 0/1, prog: 0.8257537948157878
sample 0/1, prog: 0.829047960123372
sample 0/1, prog: 0.8290552688895061
sample 0/1, prog: 0.8291607239437266
sample 0/1, prog: 0.8293371784403928
sample 0/1, prog: 0.829436368837927
sample 0/1, prog: 0.8295386915638044
sample 0/1, prog: 0.8298456597414368
sample 0/1, prog: 0.8315131025294595
sample 0/1, prog: 0.8336577033350944
sample 0/1, prog: 0.8336932030563172
sample 0/1, prog: 0.8339082896025493
sample 0/1, prog: 0.8359349060405908
sample 0/1, prog: 0.8360142583586182
sample 0/1, prog: 0.8361792276513593
sample 0/1, prog: 0.8391236162939544
sample 0/1, prog: 0.8397417290870098
sample 0/1, prog: 0.8409414108424501
sample 0/1, prog: 0.8424887810439842
sample 0/1, prog: 0.8427028234807685
sample 0/1, prog: 0.8430818352102941
sample 0/1, prog: 0.8435046995366242
sample 0/1, prog: 0.8440570334344727
sample 0/1, prog: 0.8447169106054373
sample 0/1, prog: 0.8449988201563241
sample 0/1, prog: 0.8450249228925173
sample 0/1, prog: 0.845076084255456
sample 0/1, prog: 0.8452086861553175
sample 0/1, prog: 0.8458174019633434
sample 0/1, prog: 0.846242354508569
sample 0/1, prog: 0.8462507073841509
sample 0/1, prog: 0.8462517514935985
sample 0/1, prog: 0.8462517514935985
sample 0/1, prog: 0.8467320418395538
sample 0/1, prog: 0.8476132702134368
sample 0/1, prog: 0.8478074745707144
sample 0/1, prog: 0.8478074745707144
sample 0/1, prog: 0.8483138676528629
sample 0/1, prog: 0.8483149117623106
sample 0/1, prog: 0.8492055371212232
sample 0/1, prog: 0.8492274634196255
sample 0/1, prog: 0.8496284014475534
sample 0/1, prog: 0.8496346661042398
sample 0/1, prog: 0.8497620474568626
sample 0/1, prog: 0.850295587384652
sample 0/1, prog: 0.8508061569045914
sample 0/1, prog: 0.851226933012026
sample 0/1, prog: 0.8512394623253988
sample 0/1, prog: 0.8513908581953195
sample 0/1, prog: 0.8516654589800722
sample 0/1, prog: 0.8535834880355498
sample 0/1, prog: 0.853917603058823
sample 0/1, prog: 0.853917603058823
sample 0/1, prog: 0.8539207353871662
sample 0/1, prog: 0.8539207353871662
sample 0/1, prog: 0.8539792055162391
sample 0/1, prog: 0.8541890715152325
sample 0/1, prog: 0.8545597303691762
sample 0/1, prog: 0.8546662295328445
sample 0/1, prog: 0.8552801658881091
sample 0/1, prog: 0.8552812099975567
sample 0/1, prog: 0.8554430469619547
sample 0/1, prog: 0.8566395963890518
sample 0/1, prog: 0.8568839179998204
sample 0/1, prog: 0.8568839179998204
sample 0/1, prog: 0.8568849621092681
sample 0/1, prog: 0.8569590938800569
sample 0/1, prog: 0.8569653585367433
sample 0/1, prog: 0.8569925053823843
sample 0/1, prog: 0.8577327789808239
sample 0/1, prog: 0.8578215282838808
sample 0/1, prog: 0.8579520419648469
sample 0/1, prog: 0.8588050793836413
sample 0/1, prog: 0.8588353585576255
sample 0/1, prog: 0.8588384908859686
sample 0/1, prog: 0.8588395349954163
sample 0/1, prog: 0.8589909308653371
sample 0/1, prog: 0.8591172681085122
sample 0/1, prog: 0.8599849230595747
sample 0/1, prog: 0.8606239180415848
sample 0/1, prog: 0.8612670894613857
sample 0/1, prog: 0.8613547946549949
sample 0/1, prog: 0.8614936612115428
sample 0/1, prog: 0.8619436723835139
sample 0/1, prog: 0.862455286012901
sample 0/1, prog: 0.8630629577114791
sample 0/1, prog: 0.8649872514236432
sample 0/1, prog: 0.8661096690799517
sample 0/1, prog: 0.8663581671285111
sample 0/1, prog: 0.86659309175425
sample 0/1, prog: 0.867158999074919
sample 0/1, prog: 0.8672038957811714
sample 0/1, prog: 0.867663303938172
sample 0/1, prog: 0.8691835272940651
sample 0/1, prog: 0.8693766875418949
sample 0/1, prog: 0.8732043927772685
sample 0/1, prog: 0.8732096133245071
sample 0/1, prog: 0.8737034770932828
sample 0/1, prog: 0.8738172850230853
sample 0/1, prog: 0.8744124274082906
sample 0/1, prog: 0.8748854089881117
sample 0/1, prog: 0.8757509757202789
sample 0/1, prog: 0.8769851130874943
sample 0/1, prog: 0.8772931253745743
sample 0/1, prog: 0.8799065313222393
sample 0/1, prog: 0.8800547948638168
sample 0/1, prog: 0.8808389210590611
sample 0/1, prog: 0.880843097496852
sample 0/1, prog: 0.8810498311675024
sample 0/1, prog: 0.8810707133564569
sample 0/1, prog: 0.881089507326516
sample 0/1, prog: 0.881497754120578
sample 0/1, prog: 0.881497754120578
sample 0/1, prog: 0.8816261795826486
sample 0/1, prog: 0.8827266709405547
sample 0/1, prog: 0.8829626396757414
sample 0/1, prog: 0.8831662410180485
sample 0/1, prog: 0.8832445492266281
sample 0/1, prog: 0.8833520924997442
sample 0/1, prog: 0.8835128853546944
sample 0/1, prog: 0.8835275028869626
sample 0/1, prog: 0.8835462968570218
sample 0/1, prog: 0.8838386475023858
sample 0/1, prog: 0.8838396916118335
sample 0/1, prog: 0.8838637061291312
sample 0/1, prog: 0.8852502834757151
sample 0/1, prog: 0.8852941360725196
sample 0/1, prog: 0.8854831198825586
sample 0/1, prog: 0.8862620255305642
sample 0/1, prog: 0.8864771120767964
sample 0/1, prog: 0.8868488150401878
sample 0/1, prog: 0.8868571679157696
sample 0/1, prog: 0.8873698256546044
sample 0/1, prog: 0.8873813108585294
sample 0/1, prog: 0.8879388653036165
sample 0/1, prog: 0.8880255263877781
sample 0/1, prog: 0.8891322824023705
sample 0/1, prog: 0.8892001495164729
sample 0/1, prog: 0.88942672126663
sample 0/1, prog: 0.8896334549372803
sample 0/1, prog: 0.8902724499192903
sample 0/1, prog: 0.8910993846018915
sample 0/1, prog: 0.8921539351440976
sample 0/1, prog: 0.8934287927797744
sample 0/1, prog: 0.8939654650359069
sample 0/1, prog: 0.8944332260684894
sample 0/1, prog: 0.8945459898888442
sample 0/1, prog: 0.8945470339982918
sample 0/1, prog: 0.8945752249533805
sample 0/1, prog: 0.8946336950824533
sample 0/1, prog: 0.8946806800076011
sample 0/1, prog: 0.8950012216080538
sample 0/1, prog: 0.8952382344526882
sample 0/1, prog: 0.8956464812467502
sample 0/1, prog: 0.896197771035151
sample 0/1, prog: 0.8998260513660084
sample 0/1, prog: 0.900139284200327
sample 0/1, prog: 0.9003105181497545
sample 0/1, prog: 0.9020750631164162
sample 0/1, prog: 0.9032120983049927
sample 0/1, prog: 0.9045955433232333
sample 0/1, prog: 0.9047009983774539
sample 0/1, prog: 0.9106064814138077
sample 0/1, prog: 0.9109719197205128
sample 0/1, prog: 0.9109729638299605
sample 0/1, prog: 0.9109729638299605
sample 0/1, prog: 0.9114167103452452
sample 0/1, prog: 0.9121747338042963
sample 0/1, prog: 0.912730200030488
sample 0/1, prog: 0.9131133881978044
sample 0/1, prog: 0.9148664479605411
sample 0/1, prog: 0.9148998594628683
sample 0/1, prog: 0.9149948734226117
sample 0/1, prog: 0.9153133268041689
sample 0/1, prog: 0.9173576931028218
sample 0/1, prog: 0.9175894854002176
sample 0/1, prog: 0.9182065540838252
sample 0/1, prog: 0.9183548176254027
sample 0/1, prog: 0.9195315289729931
sample 0/1, prog: 0.919994069458337
sample 0/1, prog: 0.9204461688492035
sample 0/1, prog: 0.9212386479200295
sample 0/1, prog: 0.9222013168308355
sample 0/1, prog: 0.9222420370992969
sample 0/1, prog: 0.9236714229332376
sample 0/1, prog: 0.9240003174092721
sample 0/1, prog: 0.9241214341052086
sample 0/1, prog: 0.9256322604760722
sample 0/1, prog: 0.9258275089427974
sample 0/1, prog: 0.9260655658968796
sample 0/1, prog: 0.9267515458040374
sample 0/1, prog: 0.9269896027581195
sample 0/1, prog: 0.9276922884164409
sample 0/1, prog: 0.92896610194267
sample 0/1, prog: 0.9306680003424679
sample 0/1, prog: 0.9308392342918954
sample 0/1, prog: 0.9308695134658795
sample 0/1, prog: 0.9308747340131182
sample 0/1, prog: 0.9318039914215968
sample 0/1, prog: 0.9318238295011037
sample 0/1, prog: 0.9318739467545946
sample 0/1, prog: 0.9320389160473358
sample 0/1, prog: 0.9321078272708858
sample 0/1, prog: 0.9342545162954161
sample 0/1, prog: 0.9356463141892386
sample 0/1, prog: 0.9362195302760417
sample 0/1, prog: 0.936229971370519
sample 0/1, prog: 0.9363730143648578
sample 0/1, prog: 0.9363792790215442
sample 0/1, prog: 0.9365546894087626
sample 0/1, prog: 0.936583924473299
sample 0/1, prog: 0.9367520260943833
sample 0/1, prog: 0.9367541143132788
sample 0/1, prog: 0.9373878887480501
sample 0/1, prog: 0.9384664538075539
sample 0/1, prog: 0.9384706302453448
sample 0/1, prog: 0.9384998653098813
sample 0/1, prog: 0.9385019535287767
sample 0/1, prog: 0.9398206637612581
sample 0/1, prog: 0.9398311048557354
sample 0/1, prog: 0.9398342371840785
sample 0/1, prog: 0.9398874867659127
sample 0/1, prog: 0.9398947955320468
sample 0/1, prog: 0.9398958396414946
sample 0/1, prog: 0.9399261188154787
sample 0/1, prog: 0.9399334275816128
sample 0/1, prog: 0.9401641757695609
sample 0/1, prog: 0.9402111606947087
sample 0/1, prog: 0.9402174253513951
sample 0/1, prog: 0.9402445721970359
sample 0/1, prog: 0.940356291907943
sample 0/1, prog: 0.9404732321660886
sample 0/1, prog: 0.9406904069312162
sample 0/1, prog: 0.9406977156973503
sample 0/1, prog: 0.940698759806798
sample 0/1, prog: 0.9406998039162457
sample 0/1, prog: 0.9407008480256934
sample 0/1, prog: 0.9408355381444504
sample 0/1, prog: 0.9408553762239573
sample 0/1, prog: 0.9415841646184719
sample 0/1, prog: 0.9420185141487272
sample 0/1, prog: 0.9421479837202454
sample 0/1, prog: 0.9426303622850962
sample 0/1, prog: 0.9426334946134394
sample 0/1, prog: 0.9429206247115648
sample 0/1, prog: 0.943250563297047
sample 0/1, prog: 0.9433831651969086
sample 0/1, prog: 0.9435669284597089
sample 0/1, prog: 0.9440649686662754
sample 0/1, prog: 0.9443834220478328
sample 0/1, prog: 0.9446099937979899
sample 0/1, prog: 0.9450641814077518
sample 0/1, prog: 0.9454306638239047
sample 0/1, prog: 0.9463171127450264
sample 0/1, prog: 0.9469707252593046
sample 0/1, prog: 0.9469707252593046
sample 0/1, prog: 0.9470636510001524
sample 0/1, prog: 0.9472453260440572
sample 0/1, prog: 0.9472484583724005
sample 0/1, prog: 0.9472526348101914
sample 0/1, prog: 0.9473111049392642
sample 0/1, prog: 0.9475491618933463
sample 0/1, prog: 0.947550206002794
sample 0/1, prog: 0.9483426850736202
sample 0/1, prog: 0.9507671072112464
sample 0/1, prog: 0.9507806806340667
sample 0/1, prog: 0.9510208258070444
sample 0/1, prog: 0.9510385756676558
sample 0/1, prog: 0.952442902874851
sample 0/1, prog: 0.9524449910937464
sample 0/1, prog: 0.9534682183525206
sample 0/1, prog: 0.953689569555439
sample 0/1, prog: 0.9536927018837823
sample 0/1, prog: 0.9542419034532876
sample 0/1, prog: 0.9544361078105651
sample 0/1, prog: 0.9548255606345679
sample 0/1, prog: 0.9548850748730885
sample 0/1, prog: 0.9548861189825363
sample 0/1, prog: 0.9549926181462045
sample 0/1, prog: 0.9551074701854547
sample 0/1, prog: 0.9551085142949024
sample 0/1, prog: 0.955117911279932
sample 0/1, prog: 0.9572165712698668
sample 0/1, prog: 0.9572646003044624
sample 0/1, prog: 0.9573523054980715
sample 0/1, prog: 0.957361702483101
sample 0/1, prog: 0.9578096254361768
sample 0/1, prog: 0.9580236678729611
sample 0/1, prog: 0.9581176377232568
sample 0/1, prog: 0.9585613842385414
sample 0/1, prog: 0.9590437628033921
sample 0/1, prog: 0.9590448069128399
sample 0/1, prog: 0.9602016801809233
sample 0/1, prog: 0.9648291732532571
sample 0/1, prog: 0.9665237628869209
sample 0/1, prog: 0.9704391733159037
sample 0/1, prog: 0.9704391733159037
sample 0/1, prog: 0.970545672479572
sample 0/1, prog: 0.9706208483598084
sample 0/1, prog: 0.970630245344838
sample 0/1, prog: 0.9706312894542858
sample 0/1, prog: 0.9706312894542858
sample 0/1, prog: 0.9706427746582108
sample 0/1, prog: 0.9706542598621358
sample 0/1, prog: 0.9710071688554681
sample 0/1, prog: 0.971138726645882
sample 0/1, prog: 0.971138726645882
sample 0/1, prog: 0.9711992849938502
sample 0/1, prog: 0.971296387172489
sample 0/1, prog: 0.9717411777972215
sample 0/1, prog: 0.9722475708793699
sample 0/1, prog: 0.972570200698718
sample 0/1, prog: 0.9726443324695068
sample 0/1, prog: 0.9727309935536683
sample 0/1, prog: 0.9733376211427986
sample 0/1, prog: 0.9736226630220286
sample 0/1, prog: 0.9740799829601338
sample 0/1, prog: 0.9742501728001136
sample 0/1, prog: 0.9743044664913955
sample 0/1, prog: 0.9746427579524596
sample 0/1, prog: 0.9746438020619074
sample 0/1, prog: 0.9747931097129325
sample 0/1, prog: 0.9748025066979621
sample 0/1, prog: 0.9749831376324192
sample 0/1, prog: 0.9749946228363442
sample 0/1, prog: 0.9751689891141149
sample 0/1, prog: 0.975210753492024
sample 0/1, prog: 0.9752243269148445
sample 0/1, prog: 0.9752358121187695
sample 0/1, prog: 0.9765461694756691
sample 0/1, prog: 0.9779953933891167
sample 0/1, prog: 0.9780183637969666
sample 0/1, prog: 0.9780455106426076
sample 0/1, prog: 0.9784589779839082
sample 0/1, prog: 0.9784850807201014
sample 0/1, prog: 0.9790165324289953
sample 0/1, prog: 0.9790227970856817
sample 0/1, prog: 0.9790248853045772
sample 0/1, prog: 0.9797369679479282
sample 0/1, prog: 0.9806839752170181
sample 0/1, prog: 0.9806923280926
sample 0/1, prog: 0.9807330483610615
sample 0/1, prog: 0.9833621159504424
sample 0/1, prog: 0.9833642041693379
sample 0/1, prog: 0.9838632884853522
sample 0/1, prog: 0.9840992572205389
sample 0/1, prog: 0.9842423002148777
sample 0/1, prog: 0.9842464766526686
sample 0/1, prog: 0.9847643549387421
sample 0/1, prog: 0.984791501784383
sample 0/1, prog: 0.9849888384700037
sample 0/1, prog: 0.9850159853156447
sample 0/1, prog: 0.9853208652743816
sample 0/1, prog: 0.9857405972723685
sample 0/1, prog: 0.9857520824762935
sample 0/1, prog: 0.9862010495388168
sample 0/1, prog: 0.9862052259766078
sample 0/1, prog: 0.9862334169316964
sample 0/1, prog: 0.9862334169316964
sample 0/1, prog: 0.9871846006385774
sample 0/1, prog: 0.9871866888574728
sample 0/1, prog: 0.9871971299519501
sample 0/1, prog: 0.9872608206282615
sample 0/1, prog: 0.9878235956205873
sample 0/1, prog: 0.9878267279489306
sample 0/1, prog: 0.9878298602772737
sample 0/1, prog: 0.9882569010413947
sample 0/1, prog: 0.9903941930808955
sample 0/1, prog: 0.9904056782848205
sample 0/1, prog: 0.9904986040256684
sample 0/1, prog: 0.9906124119554708
sample 0/1, prog: 0.9907961752182711
sample 0/1, prog: 0.9907961752182711
sample 0/1, prog: 0.990838983705628
sample 0/1, prog: 0.990992467794444
sample 0/1, prog: 0.9910561584707556
sample 0/1, prog: 0.9910906140825306
sample 0/1, prog: 0.9910937464108738
sample 0/1, prog: 0.9911908485895126
sample 0/1, prog: 0.9912576715941672
sample 0/1, prog: 0.9914748463592947
sample 0/1, prog: 0.9914863315632197
sample 0/1, prog: 0.9914957285482493
sample 0/1, prog: 0.9918799608250135
sample 0/1, prog: 0.9953944332260685
sample 0/1, prog: 0.9958183416618464
sample 0/1, prog: 0.9958204298807418
sample 0/1, prog: 0.9969125683630661
sample 0/1, prog: 0.9970315968401071
sample 0/1, prog: 0.9972038748989824
sample 0/1, prog: 0.9972299776351756
sample 0/1, prog: 0.9972613009186075
sample 0/1, prog: 0.9978522668660219
sample 0/1, prog: 0.9978564433038128
sample 0/1, prog: 0.9978762813833197
sample 0/1, prog: 0.9978919430250357
sample 0/1, prog: 0.9981623673719974
sample 0/1, prog: 0.9999331769953453
sample 0/1, prog: 0.9999363093236886
timer run_sim 33.15
timer run_sim 33.31
timer run_sim 33.34
timer run_sim 33.38
timer send_heartbeat 0.07
timer send_burn_requests 0.00
timer do_spread_steps 0.16
timer init_partition 6.19
timer receive_from_headnode 26.38
timer do_tasks 26.75
counter send_heartbeat 704
counter send_burn_requests 0
counter do_spread_steps 704
counter init_partition 1
counter receive_from_headnode 704
counter do_tasks 1
counter n_edge_in_send_heartbeat 107330
timer send_heartbeat 0.76
timer send_burn_requests 0.00
timer do_spread_steps 5.90
timer init_partition 6.96
timer receive_from_headnode 19.51
timer do_tasks 26.18
counter send_heartbeat 704
counter send_burn_requests 0
counter do_spread_steps 704
counter init_partition 1
counter receive_from_headnode 704
counter do_tasks 1
counter n_edge_in_send_heartbeat 896260
timer send_heartbeat 0.88
timer send_burn_requests 0.00
timer do_spread_steps 1.47
timer init_partition 7.71
timer receive_from_headnode 20.75
timer do_tasks 25.38
counter send_heartbeat 704
counter send_burn_requests 0
counter do_spread_steps 704
counter init_partition 1
counter receive_from_headnode 704
counter do_tasks 1
counter n_edge_in_send_heartbeat 784458
timer send_heartbeat 0.32
timer send_burn_requests 0.00
timer do_spread_steps 3.40
timer init_partition 10.10
timer receive_from_headnode 16.09
timer do_tasks 23.07
counter send_heartbeat 704
counter send_burn_requests 0
counter do_spread_steps 704
counter init_partition 1
counter receive_from_headnode 704
counter do_tasks 1
counter n_edge_in_send_heartbeat 1056244
timer run 36.77
timer stitch 1.33
counter run 1
counter stitch 1
timer edges2file 1.46
timer write2file 0.56
counter edges2file 1
counter write2file 1
timer run_sim 37.01
