sample 0/1, prog: 0.0
timer read_partition_file 0.20
timer read_partition_file 0.21
timer read_partition_file 0.22
timer read_partition_file 0.22
sample 0/1, prog: 0.008345566815695888
sample 0/1, prog: 0.009832378669261626
sample 0/1, prog: 0.010965237420047319
sample 0/1, prog: 0.01391797893822422
sample 0/1, prog: 0.01597905098804077
sample 0/1, prog: 0.01719961493243568
sample 0/1, prog: 0.019246069449984027
sample 0/1, prog: 0.022868085124155054
sample 0/1, prog: 0.023809871846006386
sample 0/1, prog: 0.029851089110564926
sample 0/1, prog: 0.03246762738657317
sample 0/1, prog: 0.036103216483564675
sample 0/1, prog: 0.03622537728894894
sample 0/1, prog: 0.03670671174435189
sample 0/1, prog: 0.05740096099833569
sample 0/1, prog: 0.07760447881188698
sample 0/1, prog: 0.08145724267400606
sample 0/1, prog: 0.0823374269384414
sample 0/1, prog: 0.08243870555487108
sample 0/1, prog: 0.09878841539685557
sample 0/1, prog: 0.10326868903705962
sample 0/1, prog: 0.11055135243496764
sample 0/1, prog: 0.1120642670247266
sample 0/1, prog: 0.11390607609052011
sample 0/1, prog: 0.12053825930249312
sample 0/1, prog: 0.1208535803557072
sample 0/1, prog: 0.123271737836647
sample 0/1, prog: 0.12721533922071848
sample 0/1, prog: 0.12895482556063456
sample 0/1, prog: 0.1321623297840573
sample 0/1, prog: 0.1323335637334848
sample 0/1, prog: 0.13809600377549977
sample 0/1, prog: 0.14096626064730608
sample 0/1, prog: 0.1453943288151237
sample 0/1, prog: 0.15176861699350772
sample 0/1, prog: 0.15452506593551163
sample 0/1, prog: 0.16587975617956177
sample 0/1, prog: 0.16598729945267782
sample 0/1, prog: 0.17703293330020026
sample 0/1, prog: 0.186295228211002
sample 0/1, prog: 0.19446538463947946
sample 0/1, prog: 0.2076034138202503
sample 0/1, prog: 0.21299206267997836
sample 0/1, prog: 0.21465324081131482
sample 0/1, prog: 0.21847468139000203
sample 0/1, prog: 0.23388782505737382
sample 0/1, prog: 0.23899247614731967
sample 0/1, prog: 0.24326183967908252
sample 0/1, prog: 0.24478832769166195
sample 0/1, prog: 0.2480480373874711
sample 0/1, prog: 0.2568770268774654
sample 0/1, prog: 0.26234711627411633
sample 0/1, prog: 0.2649469487989609
sample 0/1, prog: 0.26584175059566445
sample 0/1, prog: 0.2709933866107581
sample 0/1, prog: 0.2756469824192851
sample 0/1, prog: 0.28318336441299125
sample 0/1, prog: 0.2849332918473846
sample 0/1, prog: 0.2868053800871623
sample 0/1, prog: 0.28892178993770845
sample 0/1, prog: 0.2905798357407017
sample 0/1, prog: 0.2997189257366714
sample 0/1, prog: 0.30508356007910176
sample 0/1, prog: 0.30533936689379526
sample 0/1, prog: 0.3101339174777657
sample 0/1, prog: 0.3121897689803436
sample 0/1, prog: 0.3140284457177939
sample 0/1, prog: 0.32905840121784924
sample 0/1, prog: 0.3300325553325802
sample 0/1, prog: 0.3325937558078588
sample 0/1, prog: 0.3346130634797662
sample 0/1, prog: 0.33997143316551015
sample 0/1, prog: 0.3414008189994508
sample 0/1, prog: 0.34554175706914303
sample 0/1, prog: 0.3475464472087822
sample 0/1, prog: 0.35049710050806365
sample 0/1, prog: 0.3551914165850521
sample 0/1, prog: 0.3568400654030158
sample 0/1, prog: 0.3593072960279988
sample 0/1, prog: 0.3621775528998052
sample 0/1, prog: 0.36250749148528744
sample 0/1, prog: 0.36533807219808007
sample 0/1, prog: 0.3683691219248367
sample 0/1, prog: 0.3702161515378688
sample 0/1, prog: 0.3772774637328583
sample 0/1, prog: 0.37948262288646145
sample 0/1, prog: 0.38383342695514716
sample 0/1, prog: 0.3976469949485985
sample 0/1, prog: 0.40063419207855044
sample 0/1, prog: 0.41074952440814655
sample 0/1, prog: 0.4163323776251522
sample 0/1, prog: 0.4228810320813069
sample 0/1, prog: 0.4255007026856583
sample 0/1, prog: 0.4428287430801646
sample 0/1, prog: 0.4502137292039501
sample 0/1, prog: 0.4548307811818066
sample 0/1, prog: 0.4589487488436488
sample 0/1, prog: 0.4732039751334894
sample 0/1, prog: 0.47608989364701165
sample 0/1, prog: 0.47793170271280516
sample 0/1, prog: 0.47915226665720007
sample 0/1, prog: 0.47970773288339175
sample 0/1, prog: 0.48152030688464886
sample 0/1, prog: 0.4856936123472207
sample 0/1, prog: 0.48778496357102136
sample 0/1, prog: 0.4883707089711972
sample 0/1, prog: 0.49215351750031844
sample 0/1, prog: 0.49635605802742666
sample 0/1, prog: 0.517210056026913
sample 0/1, prog: 0.5208863653923659
sample 0/1, prog: 0.52283362951238
sample 0/1, prog: 0.5238547685522588
sample 0/1, prog: 0.5241314575559068
sample 0/1, prog: 0.5294313571125779
sample 0/1, prog: 0.5321115860648976
sample 0/1, prog: 0.5329667117025875
sample 0/1, prog: 0.5339565274590343
sample 0/1, prog: 0.5341319378462528
sample 0/1, prog: 0.5346874040724445
sample 0/1, prog: 0.5425380630099169
sample 0/1, prog: 0.5459147129638717
sample 0/1, prog: 0.5467552210692934
sample 0/1, prog: 0.5476876108061152
sample 0/1, prog: 0.5477022283383833
sample 0/1, prog: 0.5505474265834441
sample 0/1, prog: 0.5537779012147169
sample 0/1, prog: 0.5555988280915559
sample 0/1, prog: 0.5565792468629731
sample 0/1, prog: 0.5755590684037863
sample 0/1, prog: 0.5771408942170955
sample 0/1, prog: 0.5787133230453749
sample 0/1, prog: 0.5806626753842845
sample 0/1, prog: 0.5815282421164516
sample 0/1, prog: 0.5824522789776916
sample 0/1, prog: 0.583008789313331
sample 0/1, prog: 0.5837897831802321
sample 0/1, prog: 0.5841145012184757
sample 0/1, prog: 0.5848213633145881
sample 0/1, prog: 0.5865514526694746
sample 0/1, prog: 0.5878012516784059
sample 0/1, prog: 0.5902601294278071
sample 0/1, prog: 0.5910776671253788
sample 0/1, prog: 0.5932984879206978
sample 0/1, prog: 0.5939552327633192
sample 0/1, prog: 0.5942047749213264
sample 0/1, prog: 0.5964005370898999
sample 0/1, prog: 0.5965258302236274
sample 0/1, prog: 0.5986401518552781
sample 0/1, prog: 0.5987163718449623
sample 0/1, prog: 0.5994253221599701
sample 0/1, prog: 0.599860715799673
sample 0/1, prog: 0.601873758814894
sample 0/1, prog: 0.6028604422429977
sample 0/1, prog: 0.6051710564508214
sample 0/1, prog: 0.6117635635037807
sample 0/1, prog: 0.6156351213359589
sample 0/1, prog: 0.6172430498854612
sample 0/1, prog: 0.6193563274076642
sample 0/1, prog: 0.6231934296280673
sample 0/1, prog: 0.6243116708465848
sample 0/1, prog: 0.6266671817606608
sample 0/1, prog: 0.6283847418021746
sample 0/1, prog: 0.6327543398409194
sample 0/1, prog: 0.6336825531399504
sample 0/1, prog: 0.6342244459433216
sample 0/1, prog: 0.6349929104968499
sample 0/1, prog: 0.6349981310440885
sample 0/1, prog: 0.6359931673477741
sample 0/1, prog: 0.6361226369192924
sample 0/1, prog: 0.6361591807499629
sample 0/1, prog: 0.636177974720022
sample 0/1, prog: 0.6364191640024474
sample 0/1, prog: 0.6366624415037682
sample 0/1, prog: 0.6391411573326763
sample 0/1, prog: 0.6397738876579998
sample 0/1, prog: 0.6409526872244856
sample 0/1, prog: 0.6414402863365749
sample 0/1, prog: 0.6415739323458842
sample 0/1, prog: 0.6416292701466139
sample 0/1, prog: 0.6416344906938525
sample 0/1, prog: 0.6416511964450161
sample 0/1, prog: 0.6447793483504115
sample 0/1, prog: 0.6460260150309997
sample 0/1, prog: 0.6461513081647271
sample 0/1, prog: 0.6462776454079022
sample 0/1, prog: 0.6471954176124558
sample 0/1, prog: 0.6475754734514291
sample 0/1, prog: 0.6479095884747023
sample 0/1, prog: 0.6480390580462206
sample 0/1, prog: 0.6491165789962767
sample 0/1, prog: 0.6493494154031202
sample 0/1, prog: 0.6494287677211475
sample 0/1, prog: 0.6507412132969427
sample 0/1, prog: 0.6558427320585453
sample 0/1, prog: 0.6601183602469946
sample 0/1, prog: 0.6612888069378985
sample 0/1, prog: 0.6630262050589191
sample 0/1, prog: 0.6640306383476342
sample 0/1, prog: 0.6647291475681647
sample 0/1, prog: 0.6655310236240204
sample 0/1, prog: 0.6657116545584775
sample 0/1, prog: 0.6658640945378458
sample 0/1, prog: 0.6687176456584885
sample 0/1, prog: 0.6688168360560227
sample 0/1, prog: 0.7443853014448386
sample 0/1, prog: 0.7575870213019209
sample 0/1, prog: 0.7592126997120346
sample 0/1, prog: 0.7638850894906207
sample 0/1, prog: 0.7774710416244672
sample 0/1, prog: 0.7781246541387454
sample 0/1, prog: 0.7787761784341282
sample 0/1, prog: 0.7808529121256607
sample 0/1, prog: 0.7836459048983351
sample 0/1, prog: 0.7844342075313703
sample 0/1, prog: 0.7850752907322757
sample 0/1, prog: 0.7855691545010515
sample 0/1, prog: 0.7877210640728204
sample 0/1, prog: 0.7883642354926212
sample 0/1, prog: 0.7923840568663769
sample 0/1, prog: 0.7933247994787805
sample 0/1, prog: 0.7940066029481474
sample 0/1, prog: 0.7980232919935599
sample 0/1, prog: 0.8043255366200507
sample 0/1, prog: 0.8077951123148533
sample 0/1, prog: 0.8114484512724562
sample 0/1, prog: 0.8129937332550947
sample 0/1, prog: 0.8180691492805042
sample 0/1, prog: 0.8209268768389377
sample 0/1, prog: 0.8215460337414409
sample 0/1, prog: 0.8253800036335008
sample 0/1, prog: 0.8272802828283672
sample 0/1, prog: 0.8317354978418258
sample 0/1, prog: 0.8342799925659408
sample 0/1, prog: 0.8416482729385625
sample 0/1, prog: 0.844745101560526
sample 0/1, prog: 0.8527408917112327
sample 0/1, prog: 0.855403370802941
sample 0/1, prog: 0.8586192279019456
sample 0/1, prog: 0.8601029074271681
sample 0/1, prog: 0.8612086193323129
sample 0/1, prog: 0.8622234937155052
sample 0/1, prog: 0.8624511095751101
sample 0/1, prog: 0.8632999705561136
sample 0/1, prog: 0.8633062352127999
sample 0/1, prog: 0.8654508360184348
sample 0/1, prog: 0.8672122486567532
sample 0/1, prog: 0.8680203893692953
sample 0/1, prog: 0.8700887701852459
sample 0/1, prog: 0.87042706164631
sample 0/1, prog: 0.8719671230817099
sample 0/1, prog: 0.8722876646821627
sample 0/1, prog: 0.8728723659728908
sample 0/1, prog: 0.8774539182295245
sample 0/1, prog: 0.877659607790727
sample 0/1, prog: 0.879026347057804
sample 0/1, prog: 0.8863549512714121
sample 0/1, prog: 0.8983987537509632
sample 0/1, prog: 0.898576252357077
sample 0/1, prog: 0.8987840301371751
sample 0/1, prog: 0.8993666432090077
sample 0/1, prog: 0.9008806019082144
sample 0/1, prog: 0.9011625114591012
sample 0/1, prog: 0.9019403729976591
sample 0/1, prog: 0.9022880614437527
sample 0/1, prog: 0.9026733378299647
sample 0/1, prog: 0.902679602486651
sample 0/1, prog: 0.9027579106952307
sample 0/1, prog: 0.9050685249030544
sample 0/1, prog: 0.9074073300659669
sample 0/1, prog: 0.9075096527918443
sample 0/1, prog: 0.9076359900350194
sample 0/1, prog: 0.9094224613000833
sample 0/1, prog: 0.9130329917703294
sample 0/1, prog: 0.9134600325344504
sample 0/1, prog: 0.9142170118840537
sample 0/1, prog: 0.9157936171501242
sample 0/1, prog: 0.9178223218070611
sample 0/1, prog: 0.9216667327935983
sample 0/1, prog: 0.9238708478377538
sample 0/1, prog: 0.924531769118166
sample 0/1, prog: 0.9260164927528364
sample 0/1, prog: 0.9284513559849398
sample 0/1, prog: 0.9288689997640313
sample 0/1, prog: 0.933246950678358
sample 0/1, prog: 0.9339214453815907
sample 0/1, prog: 0.935132612340956
sample 0/1, prog: 0.9355001388665566
sample 0/1, prog: 0.9357653426662796
sample 0/1, prog: 0.9359428412723936
sample 0/1, prog: 0.9360900607045233
sample 0/1, prog: 0.9361046782367914
sample 0/1, prog: 0.9372636397237704
sample 0/1, prog: 0.9385520707822677
sample 0/1, prog: 0.9385896587223859
sample 0/1, prog: 0.9398143991045718
sample 0/1, prog: 0.9422409094610934
sample 0/1, prog: 0.9432975482221948
sample 0/1, prog: 0.946068614696467
sample 0/1, prog: 0.9470010044332887
sample 0/1, prog: 0.9473058843920255
sample 0/1, prog: 0.9476253818830305
sample 0/1, prog: 0.9484429195806021
sample 0/1, prog: 0.9485180954608385
sample 0/1, prog: 0.9498587319917223
sample 0/1, prog: 0.950660608047578
sample 0/1, prog: 0.9530474422450859
sample 0/1, prog: 0.955375806313521
sample 0/1, prog: 0.9554039972686097
sample 0/1, prog: 0.9554165265819824
sample 0/1, prog: 0.9563489163188043
sample 0/1, prog: 0.9566527521680933
sample 0/1, prog: 0.9571340866234962
sample 0/1, prog: 0.9585258845173187
sample 0/1, prog: 0.9597579336656386
sample 0/1, prog: 0.9601672245691483
sample 0/1, prog: 0.9628798209143475
sample 0/1, prog: 0.9639228862526286
sample 0/1, prog: 0.9659442821434314
sample 0/1, prog: 0.9667064820402734
sample 0/1, prog: 0.9675386372701132
sample 0/1, prog: 0.9675804016480224
sample 0/1, prog: 0.9683989834550417
sample 0/1, prog: 0.9684136009873099
sample 0/1, prog: 0.9692666384061043
sample 0/1, prog: 0.9692729030627907
sample 0/1, prog: 0.9702595864908943
sample 0/1, prog: 0.9759061303842114
sample 0/1, prog: 0.9810462811953801
sample 0/1, prog: 0.9812843381494621
sample 0/1, prog: 0.9837547011027884
sample 0/1, prog: 0.9846902231679534
sample 0/1, prog: 0.9904610160855501
sample 0/1, prog: 0.9927037631792716
sample 0/1, prog: 0.9929345113672196
sample 0/1, prog: 0.9930973924410652
sample 0/1, prog: 0.99321015626142
sample 0/1, prog: 0.9941957955800759
sample 0/1, prog: 0.9942010161273145
sample 0/1, prog: 0.995442462260664
sample 0/1, prog: 0.9955145058125573
sample 0/1, prog: 0.9960741484765399
sample 0/1, prog: 0.9968185985127705
sample 0/1, prog: 0.997016979307839
sample 0/1, prog: 0.9975275488277783
sample 0/1, prog: 0.9983137632419181
sample 0/1, prog: 0.9989558905522713
sample 0/1, prog: 0.999303578998365
sample 0/1, prog: 0.9994079899431378
timer run_sim 35.02
timer run_sim 35.09
timer run_sim 35.13
timer run_sim 35.14
timer send_heartbeat 0.27
timer send_burn_requests 4.70
timer do_spread_steps 0.67
timer init_partition 10.25
timer receive_from_headnode 17.20
timer do_tasks 24.55
counter send_heartbeat 349
counter send_burn_requests 349
counter do_spread_steps 349
counter init_partition 1
counter receive_from_headnode 349
counter do_tasks 1
counter n_edge_in_send_heartbeat 507550
timer send_heartbeat 0.86
timer send_burn_requests 5.44
timer do_spread_steps 1.77
timer init_partition 7.77
timer receive_from_headnode 16.42
timer do_tasks 27.14
counter send_heartbeat 349
counter send_burn_requests 349
counter do_spread_steps 349
counter init_partition 1
counter receive_from_headnode 349
counter do_tasks 1
counter n_edge_in_send_heartbeat 924564
timer send_heartbeat 0.78
timer send_burn_requests 6.91
timer do_spread_steps 3.09
timer init_partition 6.05
timer receive_from_headnode 16.26
timer do_tasks 28.89
counter send_heartbeat 349
counter send_burn_requests 349
counter do_spread_steps 349
counter init_partition 1
counter receive_from_headnode 349
counter do_tasks 1
counter n_edge_in_send_heartbeat 1000722
timer send_heartbeat 0.85
timer send_burn_requests 7.24
timer do_spread_steps 1.57
timer init_partition 6.91
timer receive_from_headnode 16.38
timer do_tasks 27.98
counter send_heartbeat 349
counter send_burn_requests 349
counter do_spread_steps 349
counter init_partition 1
counter receive_from_headnode 349
counter do_tasks 1
counter n_edge_in_send_heartbeat 756996
timer run 38.88
timer stitch 1.37
counter run 1
counter stitch 1
timer edges2file 1.70
timer write2file 0.56
counter edges2file 1
counter write2file 1
timer run_sim 39.13
