sample 0/1, prog: 0.0
timer read_partition_file 0.20
timer read_partition_file 0.21
sample 0/1, prog: 0.012870737162152285
sample 0/1, prog: 0.014775192794809523
sample 0/1, prog: 0.018018196739455018
sample 0/1, prog: 0.01895789524241089
sample 0/1, prog: 0.020020798660198756
sample 0/1, prog: 0.022308442460172447
sample 0/1, prog: 0.02353840338959691
sample 0/1, prog: 0.0286879511857951
sample 0/1, prog: 0.030450407933561227
sample 0/1, prog: 0.03309618127410588
sample 0/1, prog: 0.04170590778007714
sample 0/1, prog: 0.04333471851853399
sample 0/1, prog: 0.051638520956320724
sample 0/1, prog: 0.05169907930428899
sample 0/1, prog: 0.051735623134959496
sample 0/1, prog: 0.05194862146229617
sample 0/1, prog: 0.053274640460911675
sample 0/1, prog: 0.05327986100815032
sample 0/1, prog: 0.05329447854041852
sample 0/1, prog: 0.053305963744343536
sample 0/1, prog: 0.05331953716716401
sample 0/1, prog: 0.054709246842090976
sample 0/1, prog: 0.05751894536592904
sample 0/1, prog: 0.05856931947034416
sample 0/1, prog: 0.05880633231497859
sample 0/1, prog: 0.06697335641511286
sample 0/1, prog: 0.06854474113394463
sample 0/1, prog: 0.06861156413859927
sample 0/1, prog: 0.06862826988976292
sample 0/1, prog: 0.06874625425735627
sample 0/1, prog: 0.06875356302349038
sample 0/1, prog: 0.06876818055575858
sample 0/1, prog: 0.06878279808802677
sample 0/1, prog: 0.07223253570332257
sample 0/1, prog: 0.07225446200172488
sample 0/1, prog: 0.07233694664809544
sample 0/1, prog: 0.07277234028779833
sample 0/1, prog: 0.07278173727282788
sample 0/1, prog: 0.07278591371061881
sample 0/1, prog: 0.07279009014840972
sample 0/1, prog: 0.07607068203317345
sample 0/1, prog: 0.07628785679830102
sample 0/1, prog: 0.0792468629731643
sample 0/1, prog: 0.07925834817708932
sample 0/1, prog: 0.07927296570935752
sample 0/1, prog: 0.07927714214714843
sample 0/1, prog: 0.08462402662896736
sample 0/1, prog: 0.08883074359386649
sample 0/1, prog: 0.08885162578282106
sample 0/1, prog: 0.08950210596875607
sample 0/1, prog: 0.08986858838490885
sample 0/1, prog: 0.09016929190585474
sample 0/1, prog: 0.09018182121922748
sample 0/1, prog: 0.09028936449234355
sample 0/1, prog: 0.09029354093013446
sample 0/1, prog: 0.09068403786358502
sample 0/1, prog: 0.09173127963965695
sample 0/1, prog: 0.0925143617254535
sample 0/1, prog: 0.0925248028199308
sample 0/1, prog: 0.09419328971740133
sample 0/1, prog: 0.09760021884534024
sample 0/1, prog: 0.09760648350202662
sample 0/1, prog: 0.09769836513342675
sample 0/1, prog: 0.0977035856806654
sample 0/1, prog: 0.09770880622790404
sample 0/1, prog: 0.09791971633634525
sample 0/1, prog: 0.0989930608486104
sample 0/1, prog: 0.09899514906750585
sample 0/1, prog: 0.0990003696147445
sample 0/1, prog: 0.10369886212952387
sample 0/1, prog: 0.10383668457662407
sample 0/1, prog: 0.10414887330149496
sample 0/1, prog: 0.10429818095252016
sample 0/1, prog: 0.10502070469034847
sample 0/1, prog: 0.10606585824752494
sample 0/1, prog: 0.10606690235697266
sample 0/1, prog: 0.10607316701365904
sample 0/1, prog: 0.1060825639986886
sample 0/1, prog: 0.11049497052479029
sample 0/1, prog: 0.11049601463423801
sample 0/1, prog: 0.11049705874368575
sample 0/1, prog: 0.11049705874368575
sample 0/1, prog: 0.11050332340037212
sample 0/1, prog: 0.11050332340037212
sample 0/1, prog: 0.11055239654441537
sample 0/1, prog: 0.11089590855271814
sample 0/1, prog: 0.11445110122223452
sample 0/1, prog: 0.11520077180570376
sample 0/1, prog: 0.1152602860442243
sample 0/1, prog: 0.11526550659146294
sample 0/1, prog: 0.11527281535759705
sample 0/1, prog: 0.11640985054617366
sample 0/1, prog: 0.11641715931230776
sample 0/1, prog: 0.1173161375468022
sample 0/1, prog: 0.11747588629230471
sample 0/1, prog: 0.11747693040175243
sample 0/1, prog: 0.117497812590707
sample 0/1, prog: 0.11750512135684112
sample 0/1, prog: 0.11755523861033208
sample 0/1, prog: 0.11755628271977982
sample 0/1, prog: 0.11761892928664354
sample 0/1, prog: 0.11770245804246185
sample 0/1, prog: 0.11839052616851509
sample 0/1, prog: 0.11916421126928209
sample 0/1, prog: 0.11917152003541619
sample 0/1, prog: 0.11917360825431166
sample 0/1, prog: 0.11917674058265483
sample 0/1, prog: 0.12061447929217732
sample 0/1, prog: 0.12061552340162505
sample 0/1, prog: 0.12150928108888086
sample 0/1, prog: 0.12151241341722405
sample 0/1, prog: 0.12198957143483609
sample 0/1, prog: 0.12258993436728012
sample 0/1, prog: 0.12492873953019251
sample 0/1, prog: 0.12493291596798342
sample 0/1, prog: 0.12584964406308927
sample 0/1, prog: 0.12601461335583042
sample 0/1, prog: 0.12632366975235812
sample 0/1, prog: 0.12633724317517858
sample 0/1, prog: 0.1266713581984518
sample 0/1, prog: 0.12667657874569044
sample 0/1, prog: 0.12668493162127226
sample 0/1, prog: 0.12742938165750287
sample 0/1, prog: 0.1274962046621575
sample 0/1, prog: 0.12752439561724618
sample 0/1, prog: 0.12754214547785758
sample 0/1, prog: 0.12762463012422814
sample 0/1, prog: 0.12762776245257132
sample 0/1, prog: 0.12771233531783735
sample 0/1, prog: 0.12771337942728508
sample 0/1, prog: 0.12818114045986756
sample 0/1, prog: 0.12818427278821076
sample 0/1, prog: 0.12824796346452222
sample 0/1, prog: 0.1327334576519649
sample 0/1, prog: 0.13336932030563173
sample 0/1, prog: 0.1333724526339749
sample 0/1, prog: 0.13340795235519767
sample 0/1, prog: 0.13361781835419115
sample 0/1, prog: 0.1356131115088008
sample 0/1, prog: 0.13561415561824852
sample 0/1, prog: 0.14458305577423847
sample 0/1, prog: 0.15078193356540406
sample 0/1, prog: 0.154284920762534
sample 0/1, prog: 0.1552110458426694
sample 0/1, prog: 0.15624471419592087
sample 0/1, prog: 0.15827655118120101
sample 0/1, prog: 0.1592204261219478
sample 0/1, prog: 0.16109982312785956
sample 0/1, prog: 0.16364222963307906
sample 0/1, prog: 0.17087164344915293
sample 0/1, prog: 0.17460120239644
sample 0/1, prog: 0.17617885177195813
sample 0/1, prog: 0.17835895229881576
sample 0/1, prog: 0.18138686969722914
sample 0/1, prog: 0.18476978430787028
sample 0/1, prog: 0.18603315673962206
sample 0/1, prog: 0.18668572514445253
sample 0/1, prog: 0.1885766073542893
sample 0/1, prog: 0.19188225786579852
sample 0/1, prog: 0.19387024225427407
sample 0/1, prog: 0.1967561607677963
sample 0/1, prog: 0.1982440167308098
sample 0/1, prog: 0.19957525627666395
sample 0/1, prog: 0.20075718817149288
sample 0/1, prog: 0.20390517815639506
sample 0/1, prog: 0.20543062205952678
sample 0/1, prog: 0.20551415081534508
sample 0/1, prog: 0.20621788058311424
sample 0/1, prog: 0.2074614149353592
sample 0/1, prog: 0.20861411176565173
sample 0/1, prog: 0.2095287516418621
sample 0/1, prog: 0.2116535143679901
sample 0/1, prog: 0.21291688679974188
sample 0/1, prog: 0.21328441332534243
sample 0/1, prog: 0.21445590412569407
sample 0/1, prog: 0.21445590412569407
sample 0/1, prog: 0.21707661883949322
sample 0/1, prog: 0.21980278860751298
sample 0/1, prog: 0.22202674173117523
sample 0/1, prog: 0.22213010856650037
sample 0/1, prog: 0.22317212979533366
sample 0/1, prog: 0.2235835089177388
sample 0/1, prog: 0.22452425153014238
sample 0/1, prog: 0.22538042127727997
sample 0/1, prog: 0.22909223036395568
sample 0/1, prog: 0.22984816560411128
sample 0/1, prog: 0.2330995224243386
sample 0/1, prog: 0.2332122862446933
sample 0/1, prog: 0.23360904783483025
sample 0/1, prog: 0.2338690310873147
sample 0/1, prog: 0.23633312938395454
sample 0/1, prog: 0.2366912589245255
sample 0/1, prog: 0.23990711602353004
sample 0/1, prog: 0.24027777487747376
sample 0/1, prog: 0.24090215232721554
sample 0/1, prog: 0.2416486905823416
sample 0/1, prog: 0.2423712143201699
sample 0/1, prog: 0.2444844918423729
sample 0/1, prog: 0.2465915047078895
sample 0/1, prog: 0.2477274957870184
sample 0/1, prog: 0.2533176577701581
sample 0/1, prog: 0.25333645174021724
sample 0/1, prog: 0.2539691820655408
sample 0/1, prog: 0.2549485567275104
sample 0/1, prog: 0.2554716555608225
sample 0/1, prog: 0.25745128707371623
sample 0/1, prog: 0.2582928392885856
sample 0/1, prog: 0.25848286720807223
sample 0/1, prog: 0.2589245255044615
sample 0/1, prog: 0.2613144920303126
sample 0/1, prog: 0.26144500571127866
sample 0/1, prog: 0.26169037143149493
sample 0/1, prog: 0.2617676355306269
sample 0/1, prog: 0.26365642952156815
sample 0/1, prog: 0.26600567577895784
sample 0/1, prog: 0.2661487187732967
sample 0/1, prog: 0.2705715663938757
sample 0/1, prog: 0.27204480482462096
sample 0/1, prog: 0.27206777523247094
sample 0/1, prog: 0.27598214155200607
sample 0/1, prog: 0.276290153839086
sample 0/1, prog: 0.27642902039563394
sample 0/1, prog: 0.2771859997452373
sample 0/1, prog: 0.2782426385063388
sample 0/1, prog: 0.27939220300828815
sample 0/1, prog: 0.2809447937570608
sample 0/1, prog: 0.28310714442330703
sample 0/1, prog: 0.2831656145523798
sample 0/1, prog: 0.28542924383505575
sample 0/1, prog: 0.2857383002315835
sample 0/1, prog: 0.28575396187329943
sample 0/1, prog: 0.28624573742317966
sample 0/1, prog: 0.28877352639613096
sample 0/1, prog: 0.2887870998189514
sample 0/1, prog: 0.29076359900350196
sample 0/1, prog: 0.2915017843830462
sample 0/1, prog: 0.2930408017089983
sample 0/1, prog: 0.2945860836916369
sample 0/1, prog: 0.29667325847764664
sample 0/1, prog: 0.2973320915391635
sample 0/1, prog: 0.2973362679769544
sample 0/1, prog: 0.2983145985294762
sample 0/1, prog: 0.29878340367150646
sample 0/1, prog: 0.30079749079617524
sample 0/1, prog: 0.304886223393481
sample 0/1, prog: 0.3068773401102997
sample 0/1, prog: 0.3095888923460513
sample 0/1, prog: 0.31040016538693654
sample 0/1, prog: 0.3106319576843323
sample 0/1, prog: 0.31104542502563287
sample 0/1, prog: 0.3139584903847961
sample 0/1, prog: 0.31438031060167854
sample 0/1, prog: 0.31456616208337423
sample 0/1, prog: 0.3157021531625031
sample 0/1, prog: 0.3159965920267626
sample 0/1, prog: 0.3173466255426759
sample 0/1, prog: 0.31775591644618556
sample 0/1, prog: 0.3230923598335272
sample 0/1, prog: 0.32625392324124985
sample 0/1, prog: 0.3265598473094344
sample 0/1, prog: 0.3267895513879347
sample 0/1, prog: 0.3271790042119375
sample 0/1, prog: 0.32777936714438155
sample 0/1, prog: 0.3281750846250707
sample 0/1, prog: 0.3298383509753026
sample 0/1, prog: 0.3301275692923235
sample 0/1, prog: 0.33094406288044736
sample 0/1, prog: 0.3360434934231546
sample 0/1, prog: 0.3365947832115554
sample 0/1, prog: 0.33738621817293374
sample 0/1, prog: 0.3378967876928731
sample 0/1, prog: 0.33973546443032343
sample 0/1, prog: 0.34074094182848624
sample 0/1, prog: 0.34180175702737864
sample 0/1, prog: 0.34188632989264467
sample 0/1, prog: 0.34200535836968576
sample 0/1, prog: 0.3424031640692704
sample 0/1, prog: 0.34240942872595675
sample 0/1, prog: 0.34263391225721845
sample 0/1, prog: 0.3435548167901152
sample 0/1, prog: 0.3442303556027957
sample 0/1, prog: 0.34485264483364203
sample 0/1, prog: 0.3450280552208605
sample 0/1, prog: 0.34621103122513713
sample 0/1, prog: 0.34659213117355814
sample 0/1, prog: 0.34735955161763876
sample 0/1, prog: 0.34743994804511386
sample 0/1, prog: 0.3478335773069076
sample 0/1, prog: 0.3486051741887792
sample 0/1, prog: 0.3491000820670026
sample 0/1, prog: 0.3493934768218144
sample 0/1, prog: 0.34994894304800606
sample 0/1, prog: 0.3506359670646116
sample 0/1, prog: 0.3521290435748637
sample 0/1, prog: 0.35223867506687523
sample 0/1, prog: 0.35282755279539424
sample 0/1, prog: 0.3563347164303151
sample 0/1, prog: 0.3576732647423033
sample 0/1, prog: 0.3576816176178852
sample 0/1, prog: 0.3593041636996557
sample 0/1, prog: 0.36026370028211835
sample 0/1, prog: 0.36081499007051915
sample 0/1, prog: 0.3612994568542653
sample 0/1, prog: 0.36210864167625506
sample 0/1, prog: 0.3621671118053279
sample 0/1, prog: 0.36328535302384535
sample 0/1, prog: 0.3661221983933244
sample 0/1, prog: 0.3663926227402861
sample 0/1, prog: 0.36660457695817505
sample 0/1, prog: 0.36666931174393425
sample 0/1, prog: 0.3666891498234411
sample 0/1, prog: 0.3703142978259553
sample 0/1, prog: 0.3718762855597575
sample 0/1, prog: 0.3721080778571533
sample 0/1, prog: 0.37216132743898744
sample 0/1, prog: 0.37231376741835587
sample 0/1, prog: 0.3724244430198151
sample 0/1, prog: 0.3724307076765015
sample 0/1, prog: 0.3724307076765015
sample 0/1, prog: 0.3727794402320429
sample 0/1, prog: 0.37296320349484313
sample 0/1, prog: 0.3738882844655308
sample 0/1, prog: 0.3744322654877975
sample 0/1, prog: 0.3797248562783345
sample 0/1, prog: 0.3822495129229426
sample 0/1, prog: 0.38451314220561855
sample 0/1, prog: 0.38451940686230496
sample 0/1, prog: 0.3869145939353947
sample 0/1, prog: 0.38823226005842837
sample 0/1, prog: 0.3904718748238065
sample 0/1, prog: 0.39191483408056765
sample 0/1, prog: 0.3928044153300326
sample 0/1, prog: 0.39438310881499844
sample 0/1, prog: 0.3944520200385485
sample 0/1, prog: 0.39532802786519294
sample 0/1, prog: 0.3976616124808667
sample 0/1, prog: 0.39898449915113904
sample 0/1, prog: 0.4003314003387091
sample 0/1, prog: 0.40033244444815685
sample 0/1, prog: 0.40049114908421163
sample 0/1, prog: 0.40095368956955546
sample 0/1, prog: 0.401748256859277
sample 0/1, prog: 0.40203538695740243
sample 0/1, prog: 0.4054151692397004
sample 0/1, prog: 0.4061575310570355
sample 0/1, prog: 0.40615961927593097
sample 0/1, prog: 0.4063465148670744
sample 0/1, prog: 0.40682889343192513
sample 0/1, prog: 0.4071650966740938
sample 0/1, prog: 0.4072360961165393
sample 0/1, prog: 0.40852243895614115
sample 0/1, prog: 0.40902778792884187
sample 0/1, prog: 0.40943812294179927
sample 0/1, prog: 0.40971794427379055
sample 0/1, prog: 0.41144385719088616
sample 0/1, prog: 0.4115827237474341
sample 0/1, prog: 0.4117424724929366
sample 0/1, prog: 0.4119022212384391
sample 0/1, prog: 0.4134642089722413
sample 0/1, prog: 0.41931748653620865
sample 0/1, prog: 0.4195075144556953
sample 0/1, prog: 0.4198562470112367
sample 0/1, prog: 0.4201726121738985
sample 0/1, prog: 0.42018827381561447
sample 0/1, prog: 0.42117286902482265
sample 0/1, prog: 0.42184527550915996
sample 0/1, prog: 0.42257093157533143
sample 0/1, prog: 0.4227807975743249
sample 0/1, prog: 0.4230261632945412
sample 0/1, prog: 0.4237507752512649
sample 0/1, prog: 0.4243114620246953
sample 0/1, prog: 0.4253952476314377
sample 0/1, prog: 0.4256928188240404
sample 0/1, prog: 0.4265291504916711
sample 0/1, prog: 0.42681314826145333
sample 0/1, prog: 0.4275335837803862
sample 0/1, prog: 0.4275440248748635
sample 0/1, prog: 0.42828638669219865
sample 0/1, prog: 0.42829682778667594
sample 0/1, prog: 0.4284346502337761
sample 0/1, prog: 0.4285682962430854
sample 0/1, prog: 0.428781294570422
sample 0/1, prog: 0.42956542076566634
sample 0/1, prog: 0.43577160732296605
sample 0/1, prog: 0.437369094777991
sample 0/1, prog: 0.43795588428761456
sample 0/1, prog: 0.44199345552198166
sample 0/1, prog: 0.44349384079836784
sample 0/1, prog: 0.4435220317534565
sample 0/1, prog: 0.4436984862501227
sample 0/1, prog: 0.444151629750437
sample 0/1, prog: 0.4441777324866302
sample 0/1, prog: 0.44480106582692425
sample 0/1, prog: 0.44509237236284055
sample 0/1, prog: 0.4457470289865665
sample 0/1, prog: 0.44676190336975885
sample 0/1, prog: 0.44683916746889074
sample 0/1, prog: 0.44692582855305224
sample 0/1, prog: 0.447465633137528
sample 0/1, prog: 0.44821530372099727
sample 0/1, prog: 0.4485045220380181
sample 0/1, prog: 0.44852436011752495
sample 0/1, prog: 0.4487290055692798
sample 0/1, prog: 0.45222155167193245
sample 0/1, prog: 0.45244603520319415
sample 0/1, prog: 0.4524596086260146
sample 0/1, prog: 0.45280729707210826
sample 0/1, prog: 0.4537814511868392
sample 0/1, prog: 0.454232506468258
sample 0/1, prog: 0.45423355057770576
sample 0/1, prog: 0.45496025075332497
sample 0/1, prog: 0.4554582909598916
sample 0/1, prog: 0.4558435673461035
sample 0/1, prog: 0.4567592513317616
sample 0/1, prog: 0.45984459474980005
sample 0/1, prog: 0.4607498376409809
sample 0/1, prog: 0.46124056908141337
sample 0/1, prog: 0.46277436586012693
sample 0/1, prog: 0.46287668858600434
sample 0/1, prog: 0.4644992346677748
sample 0/1, prog: 0.476588977963026
sample 0/1, prog: 0.4775547792021751
sample 0/1, prog: 0.4784234782626854
sample 0/1, prog: 0.4791073699509477
sample 0/1, prog: 0.47962002768978257
sample 0/1, prog: 0.4840230372308547
sample 0/1, prog: 0.48425378541880276
sample 0/1, prog: 0.4850890729769857
sample 0/1, prog: 0.4904411780060433
sample 0/1, prog: 0.492347721857596
sample 0/1, prog: 0.4923518982953869
sample 0/1, prog: 0.49283218864134215
sample 0/1, prog: 0.49283636507913303
sample 0/1, prog: 0.4938000780993867
sample 0/1, prog: 0.4941895309233895
sample 0/1, prog: 0.495161596819225
sample 0/1, prog: 0.495554181971571
sample 0/1, prog: 0.4956920044186712
sample 0/1, prog: 0.496389469529754
sample 0/1, prog: 0.49677996646320455
sample 0/1, prog: 0.497247727495787
sample 0/1, prog: 0.497875237273872
sample 0/1, prog: 0.49795458959189937
sample 0/1, prog: 0.49799008931312216
sample 0/1, prog: 0.49865831935966853
sample 0/1, prog: 0.498906817408228
sample 0/1, prog: 0.4989475376766894
sample 0/1, prog: 0.49953641540520843
sample 0/1, prog: 0.49959175320593807
sample 0/1, prog: 0.49959175320593807
sample 0/1, prog: 0.5012320491483199
sample 0/1, prog: 0.5037389559323167
sample 0/1, prog: 0.5039822334336375
sample 0/1, prog: 0.5047694919572249
sample 0/1, prog: 0.5051036069804982
sample 0/1, prog: 0.5056663819728239
sample 0/1, prog: 0.5057833222309696
sample 0/1, prog: 0.5063116416115203
sample 0/1, prog: 0.5064129202279499
sample 0/1, prog: 0.5065486544561547
sample 0/1, prog: 0.5066655947143003
sample 0/1, prog: 0.5089219152308422
sample 0/1, prog: 0.5094533669397361
sample 0/1, prog: 0.5174470688715473
sample 0/1, prog: 0.5176548466516454
sample 0/1, prog: 0.5199988723617964
sample 0/1, prog: 0.5204802068171994
sample 0/1, prog: 0.5207986601987566
sample 0/1, prog: 0.522402412310468
sample 0/1, prog: 0.5224692353151227
sample 0/1, prog: 0.5245564101011324
sample 0/1, prog: 0.525362462594779
sample 0/1, prog: 0.5254480795694928
sample 0/1, prog: 0.5276678562553642
sample 0/1, prog: 0.5292830935710005
sample 0/1, prog: 0.53023949782512
sample 0/1, prog: 0.5304159523217862
sample 0/1, prog: 0.5306414799624956
sample 0/1, prog: 0.530967242110187
sample 0/1, prog: 0.5315383699780946
sample 0/1, prog: 0.5375179847852372
sample 0/1, prog: 0.5381037301854129
sample 0/1, prog: 0.5383971249402247
sample 0/1, prog: 0.5385391238251158
sample 0/1, prog: 0.5393712790549556
sample 0/1, prog: 0.5492558631966037
sample 0/1, prog: 0.5493018040123038
sample 0/1, prog: 0.549539860966386
sample 0/1, prog: 0.549994048576148
sample 0/1, prog: 0.5507510279257513
sample 0/1, prog: 0.5527640709409724
sample 0/1, prog: 0.5541130603474379
sample 0/1, prog: 0.5551310670589734
sample 0/1, prog: 0.5555299168680058
sample 0/1, prog: 0.5558953551747108
sample 0/1, prog: 0.5572098889694014
sample 0/1, prog: 0.5579679124284525
sample 0/1, prog: 0.5593492692277975
sample 0/1, prog: 0.5610167120158204
sample 0/1, prog: 0.5615251933168642
sample 0/1, prog: 0.562630905222009
sample 0/1, prog: 0.5637585434255561
sample 0/1, prog: 0.5639913798323996
sample 0/1, prog: 0.5647681972615097
sample 0/1, prog: 0.5653163547215674
sample 0/1, prog: 0.5657590571274044
sample 0/1, prog: 0.5663698611543256
sample 0/1, prog: 0.5669336802560991
sample 0/1, prog: 0.5674839259350523
sample 0/1, prog: 0.5682116702201192
sample 0/1, prog: 0.5687211956306107
sample 0/1, prog: 0.5688778120477701
sample 0/1, prog: 0.5693779404732322
sample 0/1, prog: 0.5695909388005689
sample 0/1, prog: 0.5703761091052608
sample 0/1, prog: 0.5703917707469768
sample 0/1, prog: 0.5709211342369752
sample 0/1, prog: 0.5731607490023535
sample 0/1, prog: 0.5742967400814823
sample 0/1, prog: 0.5743917540412257
sample 0/1, prog: 0.57491380876509
sample 0/1, prog: 0.5772922900870161
sample 0/1, prog: 0.5774301125341162
sample 0/1, prog: 0.57751572950883
sample 0/1, prog: 0.577762139338494
sample 0/1, prog: 0.578828175084625
sample 0/1, prog: 0.5790610114914686
sample 0/1, prog: 0.5809049087761575
sample 0/1, prog: 0.5810949366956442
sample 0/1, prog: 0.5814676837684833
sample 0/1, prog: 0.5823687502218733
sample 0/1, prog: 0.5823687502218733
sample 0/1, prog: 0.5863154839342879
sample 0/1, prog: 0.5883922176258204
sample 0/1, prog: 0.5885122902123092
sample 0/1, prog: 0.5886407156743798
sample 0/1, prog: 0.5892995487358967
sample 0/1, prog: 0.589383077491715
sample 0/1, prog: 0.5924120389995761
sample 0/1, prog: 0.5924621562530671
sample 0/1, prog: 0.5924621562530671
sample 0/1, prog: 0.5944115085919767
sample 0/1, prog: 0.594463714064363
sample 0/1, prog: 0.5945326252879132
sample 0/1, prog: 0.5945420222729427
sample 0/1, prog: 0.5945514192579723
sample 0/1, prog: 0.5947936526498454
sample 0/1, prog: 0.5948416816844408
sample 0/1, prog: 0.5948416816844408
sample 0/1, prog: 0.5950870474046571
sample 0/1, prog: 0.5951559586282072
sample 0/1, prog: 0.5951570027376549
sample 0/1, prog: 0.5951570027376549
sample 0/1, prog: 0.5952363550556824
sample 0/1, prog: 0.5952373991651301
sample 0/1, prog: 0.5952384432745779
sample 0/1, prog: 0.5952499284785028
sample 0/1, prog: 0.5952603695729801
sample 0/1, prog: 0.5953324131248734
sample 0/1, prog: 0.5953553835327234
sample 0/1, prog: 0.5957166454016376
sample 0/1, prog: 0.5996550262384704
sample 0/1, prog: 0.5998074662178389
sample 0/1, prog: 0.6054362602505445
sample 0/1, prog: 0.6092399509686204
sample 0/1, prog: 0.6092493479536499
sample 0/1, prog: 0.6103790743760924
sample 0/1, prog: 0.6105638817483404
sample 0/1, prog: 0.6111799063225003
sample 0/1, prog: 0.6112613468594232
sample 0/1, prog: 0.6112655232972141
sample 0/1, prog: 0.6113104200034665
sample 0/1, prog: 0.6113187728790482
sample 0/1, prog: 0.6117144903597375
sample 0/1, prog: 0.6117635635037807
sample 0/1, prog: 0.6117948867872126
sample 0/1, prog: 0.6126823798177821
sample 0/1, prog: 0.6126834239272297
sample 0/1, prog: 0.6127011737878412
sample 0/1, prog: 0.6128149817176436
sample 0/1, prog: 0.6228165061174372
sample 0/1, prog: 0.6228196384457805
sample 0/1, prog: 0.6228227707741236
sample 0/1, prog: 0.6228248589930191
sample 0/1, prog: 0.6230556071809671
sample 0/1, prog: 0.6237050432574545
sample 0/1, prog: 0.6237060873669021
sample 0/1, prog: 0.624976768564788
sample 0/1, prog: 0.6249778126742358
sample 0/1, prog: 0.6261670533351988
sample 0/1, prog: 0.6262213470264807
sample 0/1, prog: 0.6263111404389854
sample 0/1, prog: 0.6264374776821605
sample 0/1, prog: 0.6281059645796311
sample 0/1, prog: 0.6285162995925885
sample 0/1, prog: 0.6288201354418775
sample 0/1, prog: 0.6291615592312848
sample 0/1, prog: 0.6292638819571623
sample 0/1, prog: 0.629684658064597
sample 0/1, prog: 0.6305721510951664
sample 0/1, prog: 0.6307580025768621
sample 0/1, prog: 0.6317279802538022
sample 0/1, prog: 0.6326384436922216
sample 0/1, prog: 0.6330801019886109
sample 0/1, prog: 0.6332993649726338
sample 0/1, prog: 0.6334048200268545
sample 0/1, prog: 0.6335311572700296
sample 0/1, prog: 0.6342860484007375
sample 0/1, prog: 0.6346755012247404
sample 0/1, prog: 0.6356287731505167
sample 0/1, prog: 0.6357728602543034
sample 0/1, prog: 0.637652257260215
sample 0/1, prog: 0.6378318440852244
sample 0/1, prog: 0.6379665342039814
sample 0/1, prog: 0.6388247921700144
sample 0/1, prog: 0.6388602918912372
sample 0/1, prog: 0.6399075336673091
sample 0/1, prog: 0.6399075336673091
sample 0/1, prog: 0.6402875895062824
sample 0/1, prog: 0.6402886336157302
sample 0/1, prog: 0.6403397949786689
sample 0/1, prog: 0.6409892310551562
sample 0/1, prog: 0.6409954957118424
sample 0/1, prog: 0.6409954957118424
sample 0/1, prog: 0.6409965398212902
sample 0/1, prog: 0.6411740384274042
sample 0/1, prog: 0.6412450378698497
sample 0/1, prog: 0.6413191696406384
sample 0/1, prog: 0.641390169083084
sample 0/1, prog: 0.641390169083084
sample 0/1, prog: 0.641459080306634
sample 0/1, prog: 0.6415029329034386
sample 0/1, prog: 0.6415029329034386
sample 0/1, prog: 0.6415342561868705
sample 0/1, prog: 0.6415906380970479
sample 0/1, prog: 0.6415906380970479
sample 0/1, prog: 0.6415937704253911
sample 0/1, prog: 0.6421200015870464
sample 0/1, prog: 0.6424666459236923
sample 0/1, prog: 0.6424770870181696
sample 0/1, prog: 0.6424843957843037
sample 0/1, prog: 0.6428780250460975
sample 0/1, prog: 0.6429699066774975
sample 0/1, prog: 0.6429699066774975
sample 0/1, prog: 0.6429740831152885
sample 0/1, prog: 0.6430148033837499
sample 0/1, prog: 0.6441737648707289
sample 0/1, prog: 0.6512277682995843
sample 0/1, prog: 0.6512549151452252
sample 0/1, prog: 0.6522353339166425
sample 0/1, prog: 0.6522353339166425
sample 0/1, prog: 0.6522520396678061
sample 0/1, prog: 0.6522551719961494
sample 0/1, prog: 0.6524786114179633
sample 0/1, prog: 0.6524890525124406
sample 0/1, prog: 0.6524890525124406
sample 0/1, prog: 0.6525078464824997
sample 0/1, prog: 0.6525704930493634
sample 0/1, prog: 0.6525715371588111
sample 0/1, prog: 0.6525715371588111
sample 0/1, prog: 0.6525746694871544
sample 0/1, prog: 0.6525819782532885
sample 0/1, prog: 0.6527354623421046
sample 0/1, prog: 0.6606894881149021
sample 0/1, prog: 0.6685422352712701
sample 0/1, prog: 0.6753821962633411
sample 0/1, prog: 0.6779684553653652
sample 0/1, prog: 0.6808919618190057
sample 0/1, prog: 0.6862670372559133
sample 0/1, prog: 0.686283743007077
sample 0/1, prog: 0.6875314537971128
sample 0/1, prog: 0.6882665068483139
sample 0/1, prog: 0.6889577073027103
sample 0/1, prog: 0.6892991310921176
sample 0/1, prog: 0.6905635476333171
sample 0/1, prog: 0.6907159876126855
sample 0/1, prog: 0.6907201640504764
sample 0/1, prog: 0.6919751836066463
sample 0/1, prog: 0.7048333914554259
sample 0/1, prog: 0.7110928275945597
sample 0/1, prog: 0.7137741006563272
sample 0/1, prog: 0.7213637322318674
sample 0/1, prog: 0.7244929282467105
sample 0/1, prog: 0.7456110859364722
sample 0/1, prog: 0.7470216778003538
sample 0/1, prog: 0.7496371719669143
sample 0/1, prog: 0.7573541848950774
sample 0/1, prog: 0.7590466863098457
sample 0/1, prog: 0.7629735819427536
sample 0/1, prog: 0.7655713262487027
sample 0/1, prog: 0.7666269209003564
sample 0/1, prog: 0.7706718009008576
sample 0/1, prog: 0.7755686742107054
sample 0/1, prog: 0.7794611142318383
sample 0/1, prog: 0.7826477362663063
sample 0/1, prog: 0.7872804498858789
sample 0/1, prog: 0.7928131858493935
sample 0/1, prog: 0.7973007682557316
sample 0/1, prog: 0.799666720264285
sample 0/1, prog: 0.8042691547098733
sample 0/1, prog: 0.8068950899709111
sample 0/1, prog: 0.8092077923976303
sample 0/1, prog: 0.8107979710865212
sample 0/1, prog: 0.8138248443754869
sample 0/1, prog: 0.8185139399052366
sample 0/1, prog: 0.8244309081455155
sample 0/1, prog: 0.8271529014757443
sample 0/1, prog: 0.8315402493751005
sample 0/1, prog: 0.8360946547860933
sample 0/1, prog: 0.8407816620969476
sample 0/1, prog: 0.8443932366766413
sample 0/1, prog: 0.8480497079625875
sample 0/1, prog: 0.8483629407969061
sample 0/1, prog: 0.8699175362358184
sample 0/1, prog: 0.8754763749355262
sample 0/1, prog: 0.8763795296078116
sample 0/1, prog: 0.8785690271196988
sample 0/1, prog: 0.8835014001507694
sample 0/1, prog: 0.8900302165274173
sample 0/1, prog: 0.8921069502189497
sample 0/1, prog: 0.8934193957947448
sample 0/1, prog: 0.9017409480931429
sample 0/1, prog: 0.9051687594100364
sample 0/1, prog: 0.9105427907374962
sample 0/1, prog: 0.9132720928338592
sample 0/1, prog: 0.9151201665563391
sample 0/1, prog: 0.9189019309760126
sample 0/1, prog: 0.9322164146534496
sample 0/1, prog: 0.9362310154799667
sample 0/1, prog: 0.9385833940656996
sample 0/1, prog: 0.9425760685938143
sample 0/1, prog: 0.9556013339542304
sample 0/1, prog: 0.9618607700933642
sample 0/1, prog: 0.9649899661082073
sample 0/1, prog: 0.9708129644981905
sample 0/1, prog: 0.9755709712514905
sample 0/1, prog: 0.9782741706116602
sample 0/1, prog: 0.9843686374580529
timer run_sim 48.17
timer run_sim 48.23
timer send_heartbeat 1.50
timer send_burn_requests 14.25
timer do_spread_steps 2.76
timer init_partition 13.17
timer receive_from_headnode 13.12
timer do_tasks 34.79
counter send_heartbeat 739
counter send_burn_requests 739
counter do_spread_steps 739
counter init_partition 1
counter receive_from_headnode 739
counter do_tasks 1
counter n_edge_in_send_heartbeat 1425122
timer send_heartbeat 0.63
timer send_burn_requests 1.36
timer do_spread_steps 10.31
timer init_partition 18.77
timer receive_from_headnode 13.57
timer do_tasks 29.25
counter send_heartbeat 739
counter send_burn_requests 739
counter do_spread_steps 739
counter init_partition 1
counter receive_from_headnode 739
counter do_tasks 1
counter n_edge_in_send_heartbeat 1378492
timer run 51.17
timer stitch 1.37
counter run 1
counter stitch 1
timer edges2file 1.17
timer write2file 0.57
counter edges2file 1
counter write2file 1
timer run_sim 51.33
